<?xml version="1.0" encoding="UTF-8"?>
<coverage generated="1614173264534" clover="3.2.0">
  <project timestamp="1614173264535" name="All files">
    <metrics statements="688" coveredstatements="439" conditionals="327" coveredconditionals="190" methods="145" coveredmethods="90" elements="1160" coveredelements="719" complexity="0" loc="688" ncloc="688" packages="9" files="20" classes="20"/>
    <package name="api.test-data">
      <metrics statements="13" coveredstatements="9" conditionals="0" coveredconditionals="0" methods="2" coveredmethods="1"/>
      <file name="test-data.ts" path="/home/codespace/workspace/microsoft-teams-apps-employeetraining/Source/Microsoft.Teams.Apps.EmployeeTraining/ClientApp/src/api/test-data/test-data.ts">
        <metrics statements="13" coveredstatements="9" conditionals="0" coveredconditionals="0" methods="2" coveredmethods="1"/>
        <line num="2" count="2" type="stmt"/>
        <line num="3" count="2" type="stmt"/>
        <line num="5" count="2" type="stmt"/>
        <line num="9" count="2" type="stmt"/>
        <line num="11" count="2" type="stmt"/>
        <line num="12" count="0" type="stmt"/>
        <line num="13" count="0" type="stmt"/>
        <line num="14" count="0" type="stmt"/>
        <line num="16" count="0" type="stmt"/>
        <line num="19" count="2" type="stmt"/>
        <line num="63" count="2" type="stmt"/>
        <line num="107" count="2" type="stmt"/>
        <line num="138" count="2" type="stmt"/>
      </file>
    </package>
    <package name="components.common.event-artifacts">
      <metrics statements="22" coveredstatements="20" conditionals="6" coveredconditionals="3" methods="3" coveredmethods="2"/>
      <file name="audience.tsx" path="/home/codespace/workspace/microsoft-teams-apps-employeetraining/Source/Microsoft.Teams.Apps.EmployeeTraining/ClientApp/src/components/common/event-artifacts/audience.tsx">
        <metrics statements="8" coveredstatements="8" conditionals="6" coveredconditionals="3" methods="1" coveredmethods="1"/>
        <line num="5" count="1" type="stmt"/>
        <line num="6" count="1" type="stmt"/>
        <line num="7" count="1" type="stmt"/>
        <line num="9" count="1" type="stmt"/>
        <line num="16" count="1" type="stmt"/>
        <line num="17" count="9" type="stmt"/>
        <line num="19" count="9" type="stmt"/>
        <line num="34" count="1" type="stmt"/>
      </file>
      <file name="live-event.tsx" path="/home/codespace/workspace/microsoft-teams-apps-employeetraining/Source/Microsoft.Teams.Apps.EmployeeTraining/ClientApp/src/components/common/event-artifacts/live-event.tsx">
        <metrics statements="7" coveredstatements="5" conditionals="0" coveredconditionals="0" methods="1" coveredmethods="0"/>
        <line num="5" count="1" type="stmt"/>
        <line num="6" count="1" type="stmt"/>
        <line num="7" count="1" type="stmt"/>
        <line num="11" count="1" type="stmt"/>
        <line num="12" count="0" type="stmt"/>
        <line num="14" count="0" type="stmt"/>
        <line num="29" count="1" type="stmt"/>
      </file>
      <file name="teams-meeting.tsx" path="/home/codespace/workspace/microsoft-teams-apps-employeetraining/Source/Microsoft.Teams.Apps.EmployeeTraining/ClientApp/src/components/common/event-artifacts/teams-meeting.tsx">
        <metrics statements="7" coveredstatements="7" conditionals="0" coveredconditionals="0" methods="1" coveredmethods="1"/>
        <line num="5" count="1" type="stmt"/>
        <line num="6" count="1" type="stmt"/>
        <line num="7" count="1" type="stmt"/>
        <line num="11" count="1" type="stmt"/>
        <line num="12" count="9" type="stmt"/>
        <line num="14" count="9" type="stmt"/>
        <line num="27" count="1" type="stmt"/>
      </file>
    </package>
    <package name="components.common.user-search-dropdown">
      <metrics statements="48" coveredstatements="5" conditionals="21" coveredconditionals="0" methods="9" coveredmethods="0"/>
      <file name="dropdown-search.tsx" path="/home/codespace/workspace/microsoft-teams-apps-employeetraining/Source/Microsoft.Teams.Apps.EmployeeTraining/ClientApp/src/components/common/user-search-dropdown/dropdown-search.tsx">
        <metrics statements="48" coveredstatements="5" conditionals="21" coveredconditionals="0" methods="9" coveredmethods="0"/>
        <line num="5" count="1" type="stmt"/>
        <line num="6" count="1" type="stmt"/>
        <line num="7" count="1" type="stmt"/>
        <line num="31" count="1" type="stmt"/>
        <line num="32" count="0" type="stmt"/>
        <line num="33" count="0" type="stmt"/>
        <line num="35" count="0" type="stmt"/>
        <line num="36" count="0" type="stmt"/>
        <line num="37" count="0" type="stmt"/>
        <line num="38" count="0" type="stmt"/>
        <line num="39" count="0" type="stmt"/>
        <line num="41" count="0" type="stmt"/>
        <line num="42" count="0" type="cond" truecount="0" falsecount="4"/>
        <line num="43" count="0" type="stmt"/>
        <line num="44" count="0" type="stmt"/>
        <line num="47" count="0" type="stmt"/>
        <line num="48" count="0" type="stmt"/>
        <line num="49" count="0" type="cond" truecount="0" falsecount="4"/>
        <line num="50" count="0" type="stmt"/>
        <line num="51" count="0" type="stmt"/>
        <line num="52" count="0" type="cond" truecount="0" falsecount="4"/>
        <line num="53" count="0" type="stmt"/>
        <line num="58" count="0" type="cond" truecount="0" falsecount="2"/>
        <line num="59" count="0" type="stmt"/>
        <line num="62" count="0" type="stmt"/>
        <line num="63" count="0" type="stmt"/>
        <line num="66" count="0" type="stmt"/>
        <line num="67" count="0" type="cond" truecount="0" falsecount="2"/>
        <line num="68" count="0" type="stmt"/>
        <line num="70" count="0" type="cond" truecount="0" falsecount="2"/>
        <line num="71" count="0" type="stmt"/>
        <line num="74" count="0" type="cond" truecount="0" falsecount="1"/>
        <line num="77" count="0" type="stmt"/>
        <line num="79" count="0" type="stmt"/>
        <line num="80" count="0" type="stmt"/>
        <line num="81" count="0" type="stmt"/>
        <line num="85" count="0" type="stmt"/>
        <line num="95" count="0" type="stmt"/>
        <line num="96" count="0" type="stmt"/>
        <line num="98" count="0" type="stmt"/>
        <line num="99" count="0" type="stmt"/>
        <line num="101" count="0" type="stmt"/>
        <line num="102" count="0" type="cond" truecount="0" falsecount="2"/>
        <line num="103" count="0" type="stmt"/>
        <line num="104" count="0" type="stmt"/>
        <line num="107" count="0" type="stmt"/>
        <line num="109" count="0" type="stmt"/>
        <line num="120" count="1" type="stmt"/>
      </file>
    </package>
    <package name="components.create-event">
      <metrics statements="168" coveredstatements="98" conditionals="78" coveredconditionals="45" methods="42" coveredmethods="18"/>
      <file name="create-event-step2.tsx" path="/home/codespace/workspace/microsoft-teams-apps-employeetraining/Source/Microsoft.Teams.Apps.EmployeeTraining/ClientApp/src/components/create-event/create-event-step2.tsx">
        <metrics statements="88" coveredstatements="48" conditionals="29" coveredconditionals="16" methods="28" coveredmethods="9"/>
        <line num="5" count="1" type="stmt"/>
        <line num="6" count="1" type="stmt"/>
        <line num="7" count="1" type="stmt"/>
        <line num="8" count="1" type="stmt"/>
        <line num="9" count="1" type="stmt"/>
        <line num="10" count="1" type="stmt"/>
        <line num="12" count="1" type="stmt"/>
        <line num="18" count="1" type="stmt"/>
        <line num="19" count="1" type="stmt"/>
        <line num="35" count="1" type="stmt"/>
        <line num="40" count="5" type="cond" truecount="2" falsecount="0"/>
        <line num="41" count="5" type="stmt"/>
        <line num="42" count="5" type="stmt"/>
        <line num="43" count="5" type="stmt"/>
        <line num="44" count="5" type="stmt"/>
        <line num="46" count="5" type="cond" truecount="6" falsecount="2"/>
        <line num="53" count="5" type="stmt"/>
        <line num="54" count="5" type="stmt"/>
        <line num="55" count="5" type="stmt"/>
        <line num="56" count="5" type="stmt"/>
        <line num="63" count="5" type="stmt"/>
        <line num="64" count="1" type="stmt"/>
        <line num="65" count="1" type="stmt"/>
        <line num="66" count="1" type="stmt"/>
        <line num="67" count="1" type="stmt"/>
        <line num="68" count="1" type="stmt"/>
        <line num="69" count="1" type="stmt"/>
        <line num="75" count="5" type="stmt"/>
        <line num="76" count="1" type="stmt"/>
        <line num="77" count="1" type="stmt"/>
        <line num="78" count="1" type="stmt"/>
        <line num="79" count="1" type="stmt"/>
        <line num="80" count="1" type="stmt"/>
        <line num="81" count="1" type="stmt"/>
        <line num="88" count="5" type="stmt"/>
        <line num="89" count="0" type="stmt"/>
        <line num="90" count="0" type="stmt"/>
        <line num="92" count="0" type="stmt"/>
        <line num="99" count="5" type="stmt"/>
        <line num="100" count="0" type="stmt"/>
        <line num="101" count="0" type="stmt"/>
        <line num="103" count="0" type="stmt"/>
        <line num="109" count="5" type="stmt"/>
        <line num="110" count="0" type="cond" truecount="0" falsecount="4"/>
        <line num="112" count="0" type="stmt"/>
        <line num="113" count="0" type="stmt"/>
        <line num="125" count="0" type="stmt"/>
        <line num="129" count="0" type="stmt"/>
        <line num="136" count="0" type="stmt"/>
        <line num="141" count="0" type="stmt"/>
        <line num="169" count="5" type="stmt"/>
        <line num="171" count="0" type="stmt"/>
        <line num="172" count="0" type="stmt"/>
        <line num="180" count="5" type="stmt"/>
        <line num="181" count="0" type="stmt"/>
        <line num="189" count="0" type="stmt"/>
        <line num="190" count="0" type="stmt"/>
        <line num="191" count="0" type="cond" truecount="0" falsecount="2"/>
        <line num="192" count="0" type="stmt"/>
        <line num="193" count="0" type="stmt"/>
        <line num="201" count="5" type="stmt"/>
        <line num="202" count="0" type="stmt"/>
        <line num="211" count="5" type="stmt"/>
        <line num="212" count="0" type="stmt"/>
        <line num="220" count="5" type="stmt"/>
        <line num="221" count="0" type="stmt"/>
        <line num="222" count="0" type="stmt"/>
        <line num="223" count="0" type="stmt"/>
        <line num="224" count="0" type="stmt"/>
        <line num="225" count="0" type="stmt"/>
        <line num="226" count="0" type="stmt"/>
        <line num="228" count="0" type="stmt"/>
        <line num="229" count="0" type="cond" truecount="0" falsecount="2"/>
        <line num="230" count="0" type="stmt"/>
        <line num="233" count="0" type="stmt"/>
        <line num="240" count="5" type="stmt"/>
        <line num="241" count="0" type="stmt"/>
        <line num="242" count="0" type="stmt"/>
        <line num="243" count="0" type="stmt"/>
        <line num="246" count="0" type="stmt"/>
        <line num="250" count="6" type="stmt"/>
        <line num="251" count="6" type="stmt"/>
        <line num="270" count="12" type="stmt"/>
        <line num="271" count="0" type="stmt"/>
        <line num="286" count="0" type="stmt"/>
        <line num="293" count="0" type="stmt"/>
        <line num="312" count="1" type="stmt"/>
        <line num="313" count="1" type="stmt"/>
      </file>
      <file name="create-event-step3.tsx" path="/home/codespace/workspace/microsoft-teams-apps-employeetraining/Source/Microsoft.Teams.Apps.EmployeeTraining/ClientApp/src/components/create-event/create-event-step3.tsx">
        <metrics statements="80" coveredstatements="50" conditionals="49" coveredconditionals="29" methods="14" coveredmethods="9"/>
        <line num="5" count="1" type="stmt"/>
        <line num="6" count="1" type="stmt"/>
        <line num="7" count="1" type="stmt"/>
        <line num="8" count="1" type="stmt"/>
        <line num="11" count="1" type="stmt"/>
        <line num="13" count="1" type="stmt"/>
        <line num="14" count="1" type="stmt"/>
        <line num="15" count="1" type="stmt"/>
        <line num="16" count="1" type="stmt"/>
        <line num="17" count="1" type="stmt"/>
        <line num="18" count="1" type="stmt"/>
        <line num="19" count="1" type="stmt"/>
        <line num="20" count="1" type="stmt"/>
        <line num="34" count="1" type="stmt"/>
        <line num="38" count="4" type="cond" truecount="2" falsecount="0"/>
        <line num="39" count="4" type="stmt"/>
        <line num="40" count="4" type="stmt"/>
        <line num="41" count="4" type="stmt"/>
        <line num="48" count="4" type="stmt"/>
        <line num="49" count="4" type="stmt"/>
        <line num="50" count="4" type="stmt"/>
        <line num="51" count="4" type="stmt"/>
        <line num="54" count="4" type="cond" truecount="2" falsecount="2"/>
        <line num="55" count="0" type="stmt"/>
        <line num="62" count="4" type="stmt"/>
        <line num="63" count="0" type="cond" truecount="0" falsecount="1"/>
        <line num="64" count="0" type="stmt"/>
        <line num="70" count="4" type="stmt"/>
        <line num="71" count="0" type="stmt"/>
        <line num="75" count="4" type="stmt"/>
        <line num="76" count="9" type="stmt"/>
        <line num="78" count="9" type="cond" truecount="3" falsecount="1"/>
        <line num="80" count="9" type="stmt"/>
        <line num="81" count="9" type="stmt"/>
        <line num="84" count="0" type="stmt"/>
        <line num="85" count="0" type="stmt"/>
        <line num="88" count="0" type="stmt"/>
        <line num="91" count="9" type="cond" truecount="3" falsecount="1"/>
        <line num="93" count="0" type="stmt"/>
        <line num="94" count="0" type="stmt"/>
        <line num="97" count="9" type="stmt"/>
        <line num="98" count="9" type="stmt"/>
        <line num="101" count="0" type="stmt"/>
        <line num="104" count="9" type="stmt"/>
        <line num="117" count="4" type="stmt"/>
        <line num="118" count="9" type="stmt"/>
        <line num="119" count="9" type="stmt"/>
        <line num="120" count="9" type="stmt"/>
        <line num="122" count="9" type="stmt"/>
        <line num="130" count="4" type="stmt"/>
        <line num="131" count="9" type="cond" truecount="1" falsecount="1"/>
        <line num="132" count="0" type="stmt"/>
        <line num="144" count="4" type="stmt"/>
        <line num="145" count="0" type="stmt"/>
        <line num="146" count="0" type="stmt"/>
        <line num="147" count="0" type="cond" truecount="0" falsecount="2"/>
        <line num="148" count="0" type="stmt"/>
        <line num="151" count="0" type="stmt"/>
        <line num="152" count="0" type="stmt"/>
        <line num="159" count="4" type="stmt"/>
        <line num="160" count="0" type="stmt"/>
        <line num="161" count="0" type="stmt"/>
        <line num="162" count="0" type="cond" truecount="0" falsecount="2"/>
        <line num="163" count="0" type="stmt"/>
        <line num="166" count="0" type="stmt"/>
        <line num="167" count="0" type="stmt"/>
        <line num="174" count="4" type="stmt"/>
        <line num="175" count="0" type="stmt"/>
        <line num="176" count="0" type="stmt"/>
        <line num="177" count="0" type="cond" truecount="0" falsecount="2"/>
        <line num="178" count="0" type="stmt"/>
        <line num="181" count="0" type="stmt"/>
        <line num="182" count="0" type="stmt"/>
        <line num="187" count="4" type="stmt"/>
        <line num="188" count="9" type="cond" truecount="1" falsecount="1"/>
        <line num="189" count="0" type="stmt"/>
        <line num="199" count="1" type="stmt"/>
        <line num="200" count="9" type="stmt"/>
        <line num="265" count="1" type="stmt"/>
        <line num="267" count="1" type="stmt"/>
      </file>
    </package>
    <package name="components.manage-categories">
      <metrics statements="243" coveredstatements="221" conditionals="171" coveredconditionals="128" methods="56" coveredmethods="54"/>
      <file name="add-update-category.tsx" path="/home/codespace/workspace/microsoft-teams-apps-employeetraining/Source/Microsoft.Teams.Apps.EmployeeTraining/ClientApp/src/components/manage-categories/add-update-category.tsx">
        <metrics statements="67" coveredstatements="58" conditionals="51" coveredconditionals="39" methods="10" coveredmethods="10"/>
        <line num="5" count="2" type="stmt"/>
        <line num="6" count="2" type="stmt"/>
        <line num="8" count="2" type="stmt"/>
        <line num="9" count="2" type="stmt"/>
        <line num="10" count="2" type="stmt"/>
        <line num="12" count="2" type="stmt"/>
        <line num="13" count="2" type="stmt"/>
        <line num="29" count="2" type="stmt"/>
        <line num="34" count="7" type="cond" truecount="2" falsecount="0"/>
        <line num="35" count="7" type="stmt"/>
        <line num="36" count="7" type="stmt"/>
        <line num="40" count="7" type="cond" truecount="2" falsecount="0"/>
        <line num="41" count="2" type="stmt"/>
        <line num="44" count="5" type="stmt"/>
        <line num="53" count="7" type="stmt"/>
        <line num="64" count="2" type="stmt"/>
        <line num="65" count="7" type="cond" truecount="1" falsecount="1"/>
        <line num="66" count="7" type="cond" truecount="1" falsecount="1"/>
        <line num="67" count="7" type="stmt"/>
        <line num="69" count="7" type="cond" truecount="2" falsecount="0"/>
        <line num="70" count="2" type="stmt"/>
        <line num="77" count="7" type="stmt"/>
        <line num="78" count="2" type="stmt"/>
        <line num="80" count="2" type="stmt"/>
        <line num="85" count="3" type="cond" truecount="4" falsecount="0"/>
        <line num="86" count="1" type="stmt"/>
        <line num="88" count="1" type="cond" truecount="1" falsecount="1"/>
        <line num="89" count="0" type="stmt"/>
        <line num="90" count="0" type="stmt"/>
        <line num="96" count="3" type="cond" truecount="2" falsecount="0"/>
        <line num="97" count="1" type="stmt"/>
        <line num="99" count="1" type="cond" truecount="1" falsecount="1"/>
        <line num="100" count="1" type="cond" truecount="1" falsecount="1"/>
        <line num="101" count="1" type="stmt"/>
        <line num="104" count="0" type="stmt"/>
        <line num="108" count="0" type="stmt"/>
        <line num="112" count="1" type="cond" truecount="1" falsecount="0"/>
        <line num="114" count="1" type="cond" truecount="3" falsecount="1"/>
        <line num="115" count="1" type="stmt"/>
        <line num="116" count="1" type="stmt"/>
        <line num="119" count="0" type="stmt"/>
        <line num="125" count="7" type="stmt"/>
        <line num="126" count="1" type="cond" truecount="4" falsecount="2"/>
        <line num="127" count="1" type="stmt"/>
        <line num="129" count="1" type="cond" truecount="4" falsecount="1"/>
        <line num="130" count="1" type="stmt"/>
        <line num="132" count="1" type="cond" truecount="3" falsecount="1"/>
        <line num="133" count="0" type="stmt"/>
        <line num="136" count="3" type="stmt"/>
        <line num="138" count="1" type="stmt"/>
        <line num="141" count="0" type="stmt"/>
        <line num="145" count="0" type="cond" truecount="0" falsecount="1"/>
        <line num="153" count="7" type="stmt"/>
        <line num="154" count="2" type="stmt"/>
        <line num="155" count="2" type="stmt"/>
        <line num="157" count="2" type="stmt"/>
        <line num="164" count="7" type="stmt"/>
        <line num="165" count="1" type="stmt"/>
        <line num="166" count="1" type="stmt"/>
        <line num="168" count="1" type="stmt"/>
        <line num="172" count="7" type="stmt"/>
        <line num="173" count="19" type="cond" truecount="1" falsecount="1"/>
        <line num="174" count="0" type="stmt"/>
        <line num="183" count="2" type="stmt"/>
        <line num="184" count="19" type="stmt"/>
        <line num="227" count="2" type="stmt"/>
        <line num="229" count="2" type="stmt"/>
      </file>
      <file name="delete-category.tsx" path="/home/codespace/workspace/microsoft-teams-apps-employeetraining/Source/Microsoft.Teams.Apps.EmployeeTraining/ClientApp/src/components/manage-categories/delete-category.tsx">
        <metrics statements="36" coveredstatements="34" conditionals="16" coveredconditionals="10" methods="8" coveredmethods="8"/>
        <line num="5" count="2" type="stmt"/>
        <line num="6" count="2" type="stmt"/>
        <line num="8" count="2" type="stmt"/>
        <line num="9" count="2" type="stmt"/>
        <line num="11" count="2" type="stmt"/>
        <line num="12" count="2" type="stmt"/>
        <line num="13" count="2" type="stmt"/>
        <line num="27" count="2" type="stmt"/>
        <line num="28" count="2" type="stmt"/>
        <line num="32" count="2" type="cond" truecount="2" falsecount="0"/>
        <line num="34" count="2" type="stmt"/>
        <line num="36" count="2" type="stmt"/>
        <line num="45" count="2" type="stmt"/>
        <line num="46" count="2" type="cond" truecount="1" falsecount="1"/>
        <line num="47" count="2" type="cond" truecount="1" falsecount="1"/>
        <line num="48" count="2" type="stmt"/>
        <line num="54" count="2" type="stmt"/>
        <line num="55" count="1" type="stmt"/>
        <line num="57" count="1" type="stmt"/>
        <line num="58" count="1" type="stmt"/>
        <line num="61" count="1" type="stmt"/>
        <line num="63" count="1" type="cond" truecount="1" falsecount="1"/>
        <line num="64" count="1" type="cond" truecount="1" falsecount="1"/>
        <line num="65" count="0" type="stmt"/>
        <line num="68" count="1" type="stmt"/>
        <line num="72" count="0" type="stmt"/>
        <line num="77" count="2" type="stmt"/>
        <line num="78" count="6" type="cond" truecount="3" falsecount="1"/>
        <line num="79" count="6" type="stmt"/>
        <line num="87" count="6" type="stmt"/>
        <line num="88" count="6" type="stmt"/>
        <line num="109" count="6" type="stmt"/>
        <line num="121" count="2" type="stmt"/>
        <line num="122" count="6" type="stmt"/>
        <line num="138" count="2" type="stmt"/>
        <line num="140" count="2" type="stmt"/>
      </file>
      <file name="list-categories.tsx" path="/home/codespace/workspace/microsoft-teams-apps-employeetraining/Source/Microsoft.Teams.Apps.EmployeeTraining/ClientApp/src/components/manage-categories/list-categories.tsx">
        <metrics statements="100" coveredstatements="91" conditionals="84" coveredconditionals="62" methods="28" coveredmethods="28"/>
        <line num="5" count="2" type="stmt"/>
        <line num="6" count="2" type="stmt"/>
        <line num="7" count="2" type="stmt"/>
        <line num="8" count="2" type="stmt"/>
        <line num="10" count="2" type="stmt"/>
        <line num="12" count="2" type="stmt"/>
        <line num="13" count="2" type="stmt"/>
        <line num="32" count="2" type="stmt"/>
        <line num="37" count="6" type="cond" truecount="2" falsecount="0"/>
        <line num="38" count="6" type="stmt"/>
        <line num="40" count="6" type="stmt"/>
        <line num="42" count="6" type="stmt"/>
        <line num="55" count="2" type="stmt"/>
        <line num="56" count="6" type="stmt"/>
        <line num="62" count="2" type="stmt"/>
        <line num="63" count="6" type="cond" truecount="1" falsecount="1"/>
        <line num="64" count="6" type="cond" truecount="1" falsecount="1"/>
        <line num="65" count="6" type="stmt"/>
        <line num="73" count="6" type="stmt"/>
        <line num="74" count="6" type="cond" truecount="1" falsecount="0"/>
        <line num="76" count="6" type="cond" truecount="3" falsecount="1"/>
        <line num="77" count="6" type="stmt"/>
        <line num="79" count="6" type="cond" truecount="3" falsecount="1"/>
        <line num="80" count="18" type="stmt"/>
        <line num="83" count="6" type="stmt"/>
        <line num="86" count="0" type="stmt"/>
        <line num="91" count="2" type="stmt"/>
        <line num="92" count="9" type="cond" truecount="3" falsecount="1"/>
        <line num="93" count="3" type="stmt"/>
        <line num="95" count="3" type="stmt"/>
        <line num="97" count="3" type="cond" truecount="2" falsecount="0"/>
        <line num="98" count="2" type="stmt"/>
        <line num="100" count="2" type="stmt"/>
        <line num="102" count="1" type="cond" truecount="1" falsecount="1"/>
        <line num="103" count="1" type="stmt"/>
        <line num="105" count="1" type="stmt"/>
        <line num="108" count="0" type="stmt"/>
        <line num="112" count="6" type="stmt"/>
        <line num="113" count="8" type="cond" truecount="5" falsecount="1"/>
        <line num="114" count="6" type="stmt"/>
        <line num="116" count="6" type="stmt"/>
        <line num="117" count="12" type="cond" truecount="3" falsecount="1"/>
        <line num="118" count="12" type="stmt"/>
        <line num="120" count="0" type="cond" truecount="0" falsecount="4"/>
        <line num="121" count="0" type="stmt"/>
        <line num="123" count="0" type="cond" truecount="0" falsecount="4"/>
        <line num="124" count="0" type="stmt"/>
        <line num="127" count="0" type="stmt"/>
        <line num="131" count="6" type="cond" truecount="3" falsecount="1"/>
        <line num="134" count="2" type="stmt"/>
        <line num="142" count="6" type="stmt"/>
        <line num="143" count="1" type="cond" truecount="3" falsecount="1"/>
        <line num="145" count="1" type="cond" truecount="4" falsecount="1"/>
        <line num="146" count="1" type="stmt"/>
        <line num="148" count="1" type="stmt"/>
        <line num="149" count="3" type="cond" truecount="2" falsecount="0"/>
        <line num="153" count="1" type="stmt"/>
        <line num="156" count="0" type="stmt"/>
        <line num="157" count="0" type="stmt"/>
        <line num="165" count="6" type="stmt"/>
        <line num="166" count="3" type="cond" truecount="4" falsecount="0"/>
        <line num="167" count="6" type="stmt"/>
        <line num="168" count="2" type="stmt"/>
        <line num="171" count="1" type="stmt"/>
        <line num="179" count="6" type="stmt"/>
        <line num="180" count="2" type="stmt"/>
        <line num="181" count="2" type="stmt"/>
        <line num="185" count="6" type="stmt"/>
        <line num="186" count="1" type="cond" truecount="3" falsecount="1"/>
        <line num="187" count="1" type="stmt"/>
        <line num="189" count="1" type="stmt"/>
        <line num="190" count="3" type="stmt"/>
        <line num="193" count="1" type="stmt"/>
        <line num="194" count="1" type="stmt"/>
        <line num="203" count="6" type="stmt"/>
        <line num="204" count="1" type="stmt"/>
        <line num="208" count="6" type="stmt"/>
        <line num="209" count="8" type="cond" truecount="2" falsecount="0"/>
        <line num="210" count="4" type="stmt"/>
        <line num="215" count="6" type="stmt"/>
        <line num="216" count="23" type="cond" truecount="4" falsecount="0"/>
        <line num="217" count="8" type="stmt"/>
        <line num="234" count="6" type="stmt"/>
        <line num="235" count="23" type="cond" truecount="2" falsecount="0"/>
        <line num="236" count="6" type="stmt"/>
        <line num="243" count="17" type="cond" truecount="2" falsecount="0"/>
        <line num="245" count="17" type="cond" truecount="5" falsecount="1"/>
        <line num="246" count="11" type="stmt"/>
        <line num="255" count="11" type="stmt"/>
        <line num="256" count="31" type="stmt"/>
        <line num="261" count="2" type="stmt"/>
        <line num="277" count="11" type="stmt"/>
        <line num="285" count="6" type="stmt"/>
        <line num="314" count="23" type="stmt"/>
        <line num="315" count="23" type="stmt"/>
        <line num="319" count="1" type="stmt"/>
        <line num="320" count="1" type="stmt"/>
        <line num="321" count="1" type="stmt"/>
        <line num="334" count="2" type="stmt"/>
        <line num="336" count="2" type="stmt"/>
      </file>
      <file name="manage-categories-operation-footer.tsx" path="/home/codespace/workspace/microsoft-teams-apps-employeetraining/Source/Microsoft.Teams.Apps.EmployeeTraining/ClientApp/src/components/manage-categories/manage-categories-operation-footer.tsx">
        <metrics statements="7" coveredstatements="7" conditionals="4" coveredconditionals="4" methods="2" coveredmethods="2"/>
        <line num="5" count="3" type="stmt"/>
        <line num="6" count="3" type="stmt"/>
        <line num="22" count="3" type="stmt"/>
        <line num="24" count="25" type="stmt"/>
        <line num="25" count="25" type="cond" truecount="4" falsecount="0"/>
        <line num="26" count="1" type="stmt"/>
        <line num="34" count="25" type="stmt"/>
      </file>
      <file name="manage-categories.tsx" path="/home/codespace/workspace/microsoft-teams-apps-employeetraining/Source/Microsoft.Teams.Apps.EmployeeTraining/ClientApp/src/components/manage-categories/manage-categories.tsx">
        <metrics statements="33" coveredstatements="31" conditionals="16" coveredconditionals="13" methods="8" coveredmethods="6"/>
        <line num="5" count="1" type="stmt"/>
        <line num="6" count="1" type="stmt"/>
        <line num="7" count="1" type="stmt"/>
        <line num="8" count="1" type="stmt"/>
        <line num="9" count="1" type="stmt"/>
        <line num="10" count="1" type="stmt"/>
        <line num="12" count="1" type="stmt"/>
        <line num="15" count="1" type="stmt"/>
        <line num="24" count="1" type="stmt"/>
        <line num="29" count="5" type="cond" truecount="2" falsecount="0"/>
        <line num="30" count="5" type="stmt"/>
        <line num="32" count="5" type="stmt"/>
        <line num="41" count="5" type="stmt"/>
        <line num="42" count="3" type="cond" truecount="1" falsecount="1"/>
        <line num="43" count="3" type="cond" truecount="1" falsecount="1"/>
        <line num="44" count="4" type="cond" truecount="2" falsecount="0"/>
        <line num="45" count="3" type="stmt"/>
        <line num="49" count="5" type="stmt"/>
        <line num="50" count="0" type="stmt"/>
        <line num="57" count="5" type="stmt"/>
        <line num="58" count="0" type="stmt"/>
        <line num="66" count="5" type="stmt"/>
        <line num="67" count="3" type="stmt"/>
        <line num="71" count="5" type="stmt"/>
        <line num="72" count="8" type="stmt"/>
        <line num="74" count="1" type="stmt"/>
        <line num="79" count="1" type="stmt"/>
        <line num="85" count="1" type="stmt"/>
        <line num="91" count="5" type="stmt"/>
        <line num="96" count="1" type="stmt"/>
        <line num="97" count="8" type="stmt"/>
        <line num="107" count="1" type="stmt"/>
        <line num="109" count="1" type="stmt"/>
      </file>
    </package>
    <package name="constants">
      <metrics statements="38" coveredstatements="38" conditionals="4" coveredconditionals="4" methods="4" coveredmethods="4"/>
      <file name="constants.ts" path="/home/codespace/workspace/microsoft-teams-apps-employeetraining/Source/Microsoft.Teams.Apps.EmployeeTraining/ClientApp/src/constants/constants.ts">
        <metrics statements="20" coveredstatements="20" conditionals="4" coveredconditionals="4" methods="3" coveredmethods="3"/>
        <line num="7" count="7" type="stmt"/>
        <line num="9" count="7" type="stmt"/>
        <line num="10" count="7" type="stmt"/>
        <line num="11" count="7" type="stmt"/>
        <line num="12" count="7" type="stmt"/>
        <line num="13" count="7" type="stmt"/>
        <line num="14" count="7" type="stmt"/>
        <line num="17" count="7" type="stmt"/>
        <line num="18" count="7" type="stmt"/>
        <line num="20" count="7" type="stmt"/>
        <line num="22" count="7" type="stmt"/>
        <line num="25" count="7" type="stmt"/>
        <line num="26" count="7" type="stmt"/>
        <line num="29" count="7" type="cond" truecount="2" falsecount="0"/>
        <line num="30" count="7" type="stmt"/>
        <line num="31" count="7" type="stmt"/>
        <line num="32" count="7" type="stmt"/>
        <line num="33" count="7" type="stmt"/>
        <line num="37" count="7" type="cond" truecount="2" falsecount="0"/>
        <line num="38" count="7" type="stmt"/>
      </file>
      <file name="resources.ts" path="/home/codespace/workspace/microsoft-teams-apps-employeetraining/Source/Microsoft.Teams.Apps.EmployeeTraining/ClientApp/src/constants/resources.ts">
        <metrics statements="18" coveredstatements="18" conditionals="0" coveredconditionals="0" methods="1" coveredmethods="1"/>
        <line num="7" count="1" type="stmt"/>
        <line num="8" count="1" type="stmt"/>
        <line num="10" count="1" type="stmt"/>
        <line num="22" count="1" type="stmt"/>
        <line num="23" count="1" type="stmt"/>
        <line num="24" count="1" type="stmt"/>
        <line num="25" count="1" type="stmt"/>
        <line num="26" count="1" type="stmt"/>
        <line num="27" count="1" type="stmt"/>
        <line num="28" count="1" type="stmt"/>
        <line num="29" count="1" type="stmt"/>
        <line num="30" count="1" type="stmt"/>
        <line num="31" count="1" type="stmt"/>
        <line num="34" count="1" type="stmt"/>
        <line num="43" count="1" type="stmt"/>
        <line num="49" count="1" type="stmt"/>
        <line num="55" count="1" type="stmt"/>
        <line num="60" count="1" type="stmt"/>
      </file>
    </package>
    <package name="helpers">
      <metrics statements="131" coveredstatements="23" conditionals="39" coveredconditionals="2" methods="20" coveredmethods="2"/>
      <file name="event-helper.ts" path="/home/codespace/workspace/microsoft-teams-apps-employeetraining/Source/Microsoft.Teams.Apps.EmployeeTraining/ClientApp/src/helpers/event-helper.ts">
        <metrics statements="101" coveredstatements="10" conditionals="29" coveredconditionals="0" methods="14" coveredmethods="0"/>
        <line num="1" count="2" type="stmt"/>
        <line num="2" count="2" type="stmt"/>
        <line num="4" count="2" type="stmt"/>
        <line num="6" count="2" type="stmt"/>
        <line num="7" count="2" type="stmt"/>
        <line num="9" count="2" type="stmt"/>
        <line num="10" count="0" type="stmt"/>
        <line num="11" count="0" type="stmt"/>
        <line num="13" count="0" type="stmt"/>
        <line num="15" count="0" type="cond" truecount="0" falsecount="2"/>
        <line num="16" count="0" type="stmt"/>
        <line num="17" count="0" type="cond" truecount="0" falsecount="2"/>
        <line num="18" count="0" type="stmt"/>
        <line num="19" count="0" type="cond" truecount="0" falsecount="2"/>
        <line num="20" count="0" type="stmt"/>
        <line num="21" count="0" type="cond" truecount="0" falsecount="2"/>
        <line num="22" count="0" type="stmt"/>
        <line num="25" count="0" type="stmt"/>
        <line num="30" count="0" type="cond" truecount="0" falsecount="2"/>
        <line num="31" count="0" type="stmt"/>
        <line num="34" count="0" type="stmt"/>
        <line num="40" count="0" type="stmt"/>
        <line num="41" count="0" type="stmt"/>
        <line num="42" count="0" type="stmt"/>
        <line num="43" count="0" type="stmt"/>
        <line num="46" count="0" type="stmt"/>
        <line num="47" count="0" type="stmt"/>
        <line num="48" count="0" type="stmt"/>
        <line num="49" count="0" type="cond" truecount="0" falsecount="2"/>
        <line num="50" count="0" type="stmt"/>
        <line num="53" count="0" type="stmt"/>
        <line num="56" count="0" type="stmt"/>
        <line num="57" count="0" type="stmt"/>
        <line num="58" count="0" type="stmt"/>
        <line num="59" count="0" type="cond" truecount="0" falsecount="2"/>
        <line num="60" count="0" type="stmt"/>
        <line num="64" count="0" type="stmt"/>
        <line num="68" count="0" type="stmt"/>
        <line num="69" count="0" type="stmt"/>
        <line num="70" count="0" type="stmt"/>
        <line num="71" count="0" type="cond" truecount="0" falsecount="2"/>
        <line num="72" count="0" type="stmt"/>
        <line num="75" count="0" type="stmt"/>
        <line num="77" count="0" type="stmt"/>
        <line num="78" count="0" type="stmt"/>
        <line num="79" count="0" type="stmt"/>
        <line num="80" count="0" type="cond" truecount="0" falsecount="2"/>
        <line num="81" count="0" type="stmt"/>
        <line num="84" count="0" type="stmt"/>
        <line num="86" count="0" type="stmt"/>
        <line num="87" count="0" type="stmt"/>
        <line num="88" count="0" type="stmt"/>
        <line num="89" count="0" type="stmt"/>
        <line num="91" count="0" type="stmt"/>
        <line num="92" count="0" type="stmt"/>
        <line num="94" count="0" type="stmt"/>
        <line num="97" count="2" type="stmt"/>
        <line num="98" count="0" type="stmt"/>
        <line num="99" count="0" type="stmt"/>
        <line num="100" count="0" type="stmt"/>
        <line num="101" count="0" type="stmt"/>
        <line num="102" count="0" type="stmt"/>
        <line num="103" count="0" type="stmt"/>
        <line num="104" count="0" type="stmt"/>
        <line num="106" count="0" type="cond" truecount="0" falsecount="2"/>
        <line num="107" count="0" type="stmt"/>
        <line num="110" count="0" type="stmt"/>
        <line num="114" count="2" type="stmt"/>
        <line num="115" count="0" type="stmt"/>
        <line num="116" count="0" type="stmt"/>
        <line num="117" count="0" type="stmt"/>
        <line num="118" count="0" type="stmt"/>
        <line num="119" count="0" type="stmt"/>
        <line num="120" count="0" type="stmt"/>
        <line num="121" count="0" type="stmt"/>
        <line num="123" count="0" type="cond" truecount="0" falsecount="2"/>
        <line num="124" count="0" type="stmt"/>
        <line num="127" count="0" type="stmt"/>
        <line num="131" count="2" type="stmt"/>
        <line num="132" count="0" type="stmt"/>
        <line num="134" count="0" type="stmt"/>
        <line num="135" count="0" type="stmt"/>
        <line num="136" count="0" type="stmt"/>
        <line num="137" count="0" type="stmt"/>
        <line num="138" count="0" type="stmt"/>
        <line num="140" count="0" type="cond" truecount="0" falsecount="2"/>
        <line num="141" count="0" type="stmt"/>
        <line num="143" count="0" type="cond" truecount="0" falsecount="2"/>
        <line num="144" count="0" type="stmt"/>
        <line num="146" count="0" type="stmt"/>
        <line num="149" count="0" type="cond" truecount="0" falsecount="1"/>
        <line num="151" count="0" type="cond" truecount="0" falsecount="2"/>
        <line num="152" count="0" type="stmt"/>
        <line num="154" count="0" type="stmt"/>
        <line num="165" count="2" type="stmt"/>
        <line num="166" count="0" type="stmt"/>
        <line num="167" count="0" type="stmt"/>
        <line num="168" count="0" type="stmt"/>
        <line num="169" count="0" type="stmt"/>
        <line num="170" count="0" type="stmt"/>
        <line num="172" count="0" type="stmt"/>
      </file>
      <file name="localized-constants.ts" path="/home/codespace/workspace/microsoft-teams-apps-employeetraining/Source/Microsoft.Teams.Apps.EmployeeTraining/ClientApp/src/helpers/localized-constants.ts">
        <metrics statements="30" coveredstatements="13" conditionals="10" coveredconditionals="2" methods="6" coveredmethods="2"/>
        <line num="5" count="1" type="stmt"/>
        <line num="6" count="1" type="stmt"/>
        <line num="8" count="1" type="stmt"/>
        <line num="11" count="1" type="stmt"/>
        <line num="17" count="1" type="stmt"/>
        <line num="18" count="5" type="stmt"/>
        <line num="19" count="10" type="stmt"/>
        <line num="21" count="5" type="stmt"/>
        <line num="22" count="5" type="stmt"/>
        <line num="25" count="5" type="stmt"/>
        <line num="26" count="5" type="stmt"/>
        <line num="29" count="0" type="stmt"/>
        <line num="38" count="1" type="stmt"/>
        <line num="39" count="0" type="stmt"/>
        <line num="40" count="0" type="stmt"/>
        <line num="42" count="0" type="stmt"/>
        <line num="43" count="0" type="stmt"/>
        <line num="46" count="0" type="stmt"/>
        <line num="47" count="0" type="stmt"/>
        <line num="50" count="0" type="stmt"/>
        <line num="51" count="0" type="stmt"/>
        <line num="54" count="0" type="stmt"/>
        <line num="63" count="1" type="stmt"/>
        <line num="64" count="0" type="stmt"/>
        <line num="65" count="0" type="stmt"/>
        <line num="67" count="0" type="stmt"/>
        <line num="68" count="0" type="stmt"/>
        <line num="71" count="0" type="stmt"/>
        <line num="72" count="0" type="stmt"/>
        <line num="75" count="0" type="stmt"/>
      </file>
    </package>
    <package name="models">
      <metrics statements="12" coveredstatements="12" conditionals="6" coveredconditionals="6" methods="3" coveredmethods="3"/>
      <file name="event-audience.ts" path="/home/codespace/workspace/microsoft-teams-apps-employeetraining/Source/Microsoft.Teams.Apps.EmployeeTraining/ClientApp/src/models/event-audience.ts">
        <metrics statements="4" coveredstatements="4" conditionals="2" coveredconditionals="2" methods="1" coveredmethods="1"/>
        <line num="5" count="2" type="cond" truecount="2" falsecount="0"/>
        <line num="7" count="2" type="stmt"/>
        <line num="10" count="2" type="stmt"/>
        <line num="13" count="2" type="stmt"/>
      </file>
      <file name="event-type.ts" path="/home/codespace/workspace/microsoft-teams-apps-employeetraining/Source/Microsoft.Teams.Apps.EmployeeTraining/ClientApp/src/models/event-type.ts">
        <metrics statements="5" coveredstatements="5" conditionals="2" coveredconditionals="2" methods="1" coveredmethods="1"/>
        <line num="5" count="2" type="cond" truecount="2" falsecount="0"/>
        <line num="7" count="2" type="stmt"/>
        <line num="10" count="2" type="stmt"/>
        <line num="13" count="2" type="stmt"/>
        <line num="16" count="2" type="stmt"/>
      </file>
      <file name="sort-by.ts" path="/home/codespace/workspace/microsoft-teams-apps-employeetraining/Source/Microsoft.Teams.Apps.EmployeeTraining/ClientApp/src/models/sort-by.ts">
        <metrics statements="3" coveredstatements="3" conditionals="2" coveredconditionals="2" methods="1" coveredmethods="1"/>
        <line num="6" count="1" type="cond" truecount="2" falsecount="0"/>
        <line num="8" count="1" type="stmt"/>
        <line num="11" count="1" type="stmt"/>
      </file>
    </package>
    <package name="providers">
      <metrics statements="13" coveredstatements="13" conditionals="2" coveredconditionals="2" methods="6" coveredmethods="6"/>
      <file name="context-provider.tsx" path="/home/codespace/workspace/microsoft-teams-apps-employeetraining/Source/Microsoft.Teams.Apps.EmployeeTraining/ClientApp/src/providers/context-provider.tsx">
        <metrics statements="13" coveredstatements="13" conditionals="2" coveredconditionals="2" methods="6" coveredmethods="6"/>
        <line num="4" count="5" type="stmt"/>
        <line num="5" count="5" type="stmt"/>
        <line num="12" count="5" type="stmt"/>
        <line num="13" count="7" type="stmt"/>
        <line num="15" count="19" type="cond" truecount="2" falsecount="0"/>
        <line num="16" count="19" type="stmt"/>
        <line num="22" count="19" type="stmt"/>
        <line num="23" count="19" type="stmt"/>
        <line num="24" count="19" type="stmt"/>
        <line num="25" count="19" type="stmt"/>
        <line num="30" count="7" type="stmt"/>
        <line num="31" count="39" type="stmt"/>
        <line num="35" count="7" type="stmt"/>
      </file>
    </package>
  </project>
</coverage>
