{"/home/codespace/workspace/microsoft-teams-apps-employeetraining/Source/Microsoft.Teams.Apps.EmployeeTraining/ClientApp/src/api/test-data/test-data.ts": {"path":"/home/codespace/workspace/microsoft-teams-apps-employeetraining/Source/Microsoft.Teams.Apps.EmployeeTraining/ClientApp/src/api/test-data/test-data.ts","statementMap":{"0":{"start":{"line":2,"column":0},"end":{"line":2,"column":60}},"1":{"start":{"line":3,"column":0},"end":{"line":3,"column":52}},"2":{"start":{"line":5,"column":0},"end":{"line":5,"column":28}},"3":{"start":{"line":9,"column":0},"end":{"line":9,"column":21}},"4":{"start":{"line":11,"column":18},"end":{"line":17,"column":null}},"5":{"start":{"line":12,"column":27},"end":{"line":12,"column":36}},"6":{"start":{"line":13,"column":8},"end":{"line":15,"column":null}},"7":{"start":{"line":13,"column":21},"end":{"line":13,"column":22}},"8":{"start":{"line":14,"column":12},"end":{"line":14,"column":37}},"9":{"start":{"line":16,"column":8},"end":{"line":16,"column":20}},"10":{"start":{"line":19,"column":18},"end":{"line":61,"column":6}},"11":{"start":{"line":63,"column":18},"end":{"line":105,"column":6}},"12":{"start":{"line":107,"column":18},"end":{"line":137,"column":null}},"13":{"start":{"line":138,"column":0},"end":{"line":138,"column":null}},"14":{"start":{"line":9,"column":21},"end":{"line":9,"column":null}}},"fnMap":{"0":{"name":"(anonymous_1)","decl":{"start":{"line":9,"column":0},"end":{"line":9,"column":21}},"loc":{"start":{"line":9,"column":0},"end":{"line":9,"column":21}}},"1":{"name":"(anonymous_3)","decl":{"start":{"line":11,"column":30},"end":{"line":11,"column":31}},"loc":{"start":{"line":11,"column":45},"end":{"line":17,"column":5}}}},"branchMap":{},"s":{"0":2,"1":2,"2":2,"3":2,"4":2,"5":0,"6":0,"7":0,"8":0,"9":0,"10":2,"11":2,"12":2,"13":2,"14":2},"f":{"0":2,"1":0},"b":{}}
,"/home/codespace/workspace/microsoft-teams-apps-employeetraining/Source/Microsoft.Teams.Apps.EmployeeTraining/ClientApp/src/components/common/event-artifacts/audience.tsx": {"path":"/home/codespace/workspace/microsoft-teams-apps-employeetraining/Source/Microsoft.Teams.Apps.EmployeeTraining/ClientApp/src/components/common/event-artifacts/audience.tsx","statementMap":{"0":{"start":{"line":5,"column":0},"end":{"line":5,"column":31}},"1":{"start":{"line":6,"column":0},"end":{"line":6,"column":87}},"2":{"start":{"line":7,"column":0},"end":{"line":7,"column":65}},"3":{"start":{"line":9,"column":0},"end":{"line":9,"column":63}},"4":{"start":{"line":16,"column":69},"end":{"line":32,"column":1}},"5":{"start":{"line":17,"column":32},"end":{"line":17,"column":39}},"6":{"start":{"line":19,"column":4},"end":{"line":31,"column":6}},"7":{"start":{"line":34,"column":0},"end":{"line":34,"column":51}}},"fnMap":{"0":{"name":"(anonymous_6)","decl":{"start":{"line":16,"column":69},"end":{"line":16,"column":74}},"loc":{"start":{"line":16,"column":74},"end":{"line":32,"column":1}}}},"branchMap":{"0":{"loc":{"start":{"line":23,"column":66},"end":{"line":23,"column":85}},"type":"cond-expr","locations":[{"start":{"line":23,"column":66},"end":{"line":23,"column":85}},{"start":{"line":23,"column":88},"end":{"line":23,"column":106}}]},"1":{"loc":{"start":{"line":27,"column":70},"end":{"line":27,"column":86}},"type":"cond-expr","locations":[{"start":{"line":27,"column":70},"end":{"line":27,"column":86}},{"start":{"line":27,"column":89},"end":{"line":27,"column":100}}]},"2":{"loc":{"start":{"line":28,"column":119},"end":{"line":28,"column":138}},"type":"cond-expr","locations":[{"start":{"line":28,"column":119},"end":{"line":28,"column":138}},{"start":{"line":28,"column":141},"end":{"line":28,"column":159}}]}},"s":{"0":1,"1":1,"2":1,"3":1,"4":1,"5":9,"6":9,"7":1},"f":{"0":9},"b":{"0":[0,9],"1":[0,9],"2":[0,9]}}
,"/home/codespace/workspace/microsoft-teams-apps-employeetraining/Source/Microsoft.Teams.Apps.EmployeeTraining/ClientApp/src/components/common/event-artifacts/live-event.tsx": {"path":"/home/codespace/workspace/microsoft-teams-apps-employeetraining/Source/Microsoft.Teams.Apps.EmployeeTraining/ClientApp/src/components/common/event-artifacts/live-event.tsx","statementMap":{"0":{"start":{"line":5,"column":0},"end":{"line":5,"column":31}},"1":{"start":{"line":6,"column":0},"end":{"line":6,"column":79}},"2":{"start":{"line":7,"column":0},"end":{"line":7,"column":65}},"3":{"start":{"line":11,"column":68},"end":{"line":27,"column":1}},"4":{"start":{"line":12,"column":32},"end":{"line":12,"column":39}},"5":{"start":{"line":14,"column":4},"end":{"line":26,"column":6}},"6":{"start":{"line":29,"column":0},"end":{"line":29,"column":52}}},"fnMap":{"0":{"name":"(anonymous_6)","decl":{"start":{"line":11,"column":68},"end":{"line":11,"column":73}},"loc":{"start":{"line":11,"column":73},"end":{"line":27,"column":1}}}},"branchMap":{},"s":{"0":1,"1":1,"2":1,"3":1,"4":0,"5":0,"6":1},"f":{"0":0},"b":{}}
,"/home/codespace/workspace/microsoft-teams-apps-employeetraining/Source/Microsoft.Teams.Apps.EmployeeTraining/ClientApp/src/components/common/event-artifacts/teams-meeting.tsx": {"path":"/home/codespace/workspace/microsoft-teams-apps-employeetraining/Source/Microsoft.Teams.Apps.EmployeeTraining/ClientApp/src/components/common/event-artifacts/teams-meeting.tsx","statementMap":{"0":{"start":{"line":5,"column":0},"end":{"line":5,"column":31}},"1":{"start":{"line":6,"column":0},"end":{"line":6,"column":75}},"2":{"start":{"line":7,"column":0},"end":{"line":7,"column":65}},"3":{"start":{"line":11,"column":71},"end":{"line":25,"column":1}},"4":{"start":{"line":12,"column":32},"end":{"line":12,"column":39}},"5":{"start":{"line":14,"column":4},"end":{"line":24,"column":6}},"6":{"start":{"line":27,"column":0},"end":{"line":27,"column":55}}},"fnMap":{"0":{"name":"(anonymous_6)","decl":{"start":{"line":11,"column":71},"end":{"line":11,"column":76}},"loc":{"start":{"line":11,"column":76},"end":{"line":25,"column":1}}}},"branchMap":{},"s":{"0":1,"1":1,"2":1,"3":1,"4":9,"5":9,"6":1},"f":{"0":9},"b":{}}
,"/home/codespace/workspace/microsoft-teams-apps-employeetraining/Source/Microsoft.Teams.Apps.EmployeeTraining/ClientApp/src/components/common/user-search-dropdown/dropdown-search.tsx": {"path":"/home/codespace/workspace/microsoft-teams-apps-employeetraining/Source/Microsoft.Teams.Apps.EmployeeTraining/ClientApp/src/components/common/user-search-dropdown/dropdown-search.tsx","statementMap":{"0":{"start":{"line":5,"column":0},"end":{"line":5,"column":31}},"1":{"start":{"line":6,"column":0},"end":{"line":6,"column":52}},"2":{"start":{"line":7,"column":0},"end":{"line":7,"column":67}},"3":{"start":{"line":31,"column":64},"end":{"line":118,"column":1}},"4":{"start":{"line":32,"column":33},"end":{"line":32,"column":37}},"5":{"start":{"line":33,"column":24},"end":{"line":33,"column":50}},"6":{"start":{"line":35,"column":44},"end":{"line":35,"column":86}},"7":{"start":{"line":35,"column":23},"end":{"line":35,"column":25}},"8":{"start":{"line":35,"column":40},"end":{"line":35,"column":44}},"9":{"start":{"line":36,"column":34},"end":{"line":36,"column":54}},"10":{"start":{"line":36,"column":18},"end":{"line":36,"column":20}},"11":{"start":{"line":36,"column":30},"end":{"line":36,"column":34}},"12":{"start":{"line":37,"column":30},"end":{"line":37,"column":51}},"13":{"start":{"line":37,"column":17},"end":{"line":37,"column":19}},"14":{"start":{"line":37,"column":26},"end":{"line":37,"column":30}},"15":{"start":{"line":38,"column":26},"end":{"line":38,"column":43}},"16":{"start":{"line":38,"column":14},"end":{"line":38,"column":16}},"17":{"start":{"line":38,"column":22},"end":{"line":38,"column":26}},"18":{"start":{"line":39,"column":46},"end":{"line":39,"column":71}},"19":{"start":{"line":39,"column":24},"end":{"line":39,"column":26}},"20":{"start":{"line":39,"column":42},"end":{"line":39,"column":46}},"21":{"start":{"line":41,"column":27},"end":{"line":64,"column":null}},"22":{"start":{"line":41,"column":53},"end":{"line":64,"column":null}},"23":{"start":{"line":42,"column":8},"end":{"line":45,"column":null}},"24":{"start":{"line":43,"column":12},"end":{"line":43,"column":43}},"25":{"start":{"line":44,"column":12},"end":{"line":44,"column":19}},"26":{"start":{"line":47,"column":12},"end":{"line":47,"column":47}},"27":{"start":{"line":48,"column":25},"end":{"line":48,"column":null}},"28":{"start":{"line":48,"column":14},"end":{"line":48,"column":null}},"29":{"start":{"line":49,"column":8},"end":{"line":56,"column":null}},"30":{"start":{"line":50,"column":18},"end":{"line":50,"column":75}},"31":{"start":{"line":51,"column":12},"end":{"line":55,"column":null}},"32":{"start":{"line":52,"column":16},"end":{"line":54,"column":null}},"33":{"start":{"line":53,"column":20},"end":{"line":53,"column":167}},"34":{"start":{"line":58,"column":8},"end":{"line":60,"column":null}},"35":{"start":{"line":59,"column":12},"end":{"line":59,"column":39}},"36":{"start":{"line":62,"column":8},"end":{"line":62,"column":31}},"37":{"start":{"line":63,"column":8},"end":{"line":63,"column":26}},"38":{"start":{"line":66,"column":27},"end":{"line":75,"column":5}},"39":{"start":{"line":67,"column":8},"end":{"line":69,"column":null}},"40":{"start":{"line":68,"column":12},"end":{"line":68,"column":41}},"41":{"start":{"line":70,"column":8},"end":{"line":72,"column":null}},"42":{"start":{"line":71,"column":12},"end":{"line":71,"column":29}},"43":{"start":{"line":74,"column":8},"end":{"line":74,"column":92}},"44":{"start":{"line":74,"column":36},"end":{"line":74,"column":87}},"45":{"start":{"line":74,"column":50},"end":{"line":74,"column":85}},"46":{"start":{"line":77,"column":28},"end":{"line":83,"column":6}},"47":{"start":{"line":79,"column":12},"end":{"line":79,"column":37}},"48":{"start":{"line":80,"column":12},"end":{"line":80,"column":28}},"49":{"start":{"line":81,"column":12},"end":{"line":81,"column":22}},"50":{"start":{"line":85,"column":4},"end":{"line":117,"column":null}},"51":{"start":{"line":95,"column":33},"end":{"line":95,"column":35}},"52":{"start":{"line":96,"column":16},"end":{"line":96,"column":44}},"53":{"start":{"line":98,"column":50},"end":{"line":98,"column":52}},"54":{"start":{"line":99,"column":16},"end":{"line":99,"column":45}},"55":{"start":{"line":101,"column":36},"end":{"line":101,"column":38}},"56":{"start":{"line":101,"column":43},"end":{"line":101,"column":45}},"57":{"start":{"line":102,"column":16},"end":{"line":108,"column":null}},"58":{"start":{"line":103,"column":20},"end":{"line":103,"column":37}},"59":{"start":{"line":104,"column":20},"end":{"line":104,"column":39}},"60":{"start":{"line":107,"column":20},"end":{"line":107,"column":null}},"61":{"start":{"line":109,"column":16},"end":{"line":109,"column":31}},"62":{"start":{"line":120,"column":0},"end":{"line":120,"column":30}}},"fnMap":{"0":{"name":"(anonymous_20)","decl":{"start":{"line":31,"column":64},"end":{"line":31,"column":69}},"loc":{"start":{"line":31,"column":69},"end":{"line":118,"column":1}}},"1":{"name":"(anonymous_21)","decl":{"start":{"line":41,"column":27},"end":{"line":41,"column":34}},"loc":{"start":{"line":41,"column":53},"end":{"line":64,"column":null}}},"2":{"name":"(anonymous_22)","decl":{"start":{"line":41,"column":53},"end":{"line":41,"column":null}},"loc":{"start":{"line":41,"column":53},"end":{"line":64,"column":null}}},"3":{"name":"(anonymous_24)","decl":{"start":{"line":66,"column":27},"end":{"line":66,"column":28}},"loc":{"start":{"line":66,"column":47},"end":{"line":75,"column":5}}},"4":{"name":"(anonymous_25)","decl":{"start":{"line":74,"column":36},"end":{"line":74,"column":50}},"loc":{"start":{"line":74,"column":36},"end":{"line":74,"column":87}}},"5":{"name":"(anonymous_28)","decl":{"start":{"line":78,"column":15},"end":{"line":78,"column":16}},"loc":{"start":{"line":78,"column":25},"end":{"line":82,"column":9}}},"6":{"name":"(anonymous_29)","decl":{"start":{"line":95,"column":22},"end":{"line":95,"column":23}},"loc":{"start":{"line":95,"column":35},"end":{"line":97,"column":13}}},"7":{"name":"(anonymous_30)","decl":{"start":{"line":98,"column":33},"end":{"line":98,"column":34}},"loc":{"start":{"line":98,"column":52},"end":{"line":100,"column":13}}},"8":{"name":"(anonymous_31)","decl":{"start":{"line":101,"column":26},"end":{"line":101,"column":27}},"loc":{"start":{"line":101,"column":45},"end":{"line":110,"column":13}}}},"branchMap":{"0":{"loc":{"start":{"line":42,"column":8},"end":{"line":45,"column":null}},"type":"if","locations":[{"start":{"line":42,"column":8},"end":{"line":45,"column":null}},{"start":{"line":42,"column":8},"end":{"line":45,"column":null}}]},"1":{"loc":{"start":{"line":42,"column":12},"end":{"line":42,"column":32}},"type":"binary-expr","locations":[{"start":{"line":42,"column":12},"end":{"line":42,"column":32}},{"start":{"line":42,"column":36},"end":{"line":42,"column":55}}]},"2":{"loc":{"start":{"line":49,"column":8},"end":{"line":56,"column":null}},"type":"if","locations":[{"start":{"line":49,"column":8},"end":{"line":56,"column":null}},{"start":{"line":49,"column":8},"end":{"line":56,"column":null}}]},"3":{"loc":{"start":{"line":49,"column":12},"end":{"line":49,"column":35}},"type":"binary-expr","locations":[{"start":{"line":49,"column":12},"end":{"line":49,"column":35}},{"start":{"line":49,"column":39},"end":{"line":49,"column":52}}]},"4":{"loc":{"start":{"line":52,"column":16},"end":{"line":54,"column":null}},"type":"if","locations":[{"start":{"line":52,"column":16},"end":{"line":54,"column":null}},{"start":{"line":52,"column":16},"end":{"line":54,"column":null}}]},"5":{"loc":{"start":{"line":52,"column":20},"end":{"line":52,"column":42}},"type":"binary-expr","locations":[{"start":{"line":52,"column":20},"end":{"line":52,"column":42}},{"start":{"line":52,"column":46},"end":{"line":52,"column":62}}]},"6":{"loc":{"start":{"line":58,"column":8},"end":{"line":60,"column":null}},"type":"if","locations":[{"start":{"line":58,"column":8},"end":{"line":60,"column":null}},{"start":{"line":58,"column":8},"end":{"line":60,"column":null}}]},"7":{"loc":{"start":{"line":67,"column":8},"end":{"line":69,"column":null}},"type":"if","locations":[{"start":{"line":67,"column":8},"end":{"line":69,"column":null}},{"start":{"line":67,"column":8},"end":{"line":69,"column":null}}]},"8":{"loc":{"start":{"line":70,"column":8},"end":{"line":72,"column":null}},"type":"if","locations":[{"start":{"line":70,"column":8},"end":{"line":72,"column":null}},{"start":{"line":70,"column":8},"end":{"line":72,"column":null}}]},"9":{"loc":{"start":{"line":74,"column":50},"end":{"line":74,"column":85}},"type":"switch","locations":[{"start":{"line":74,"column":50},"end":{"line":74,"column":85}}]},"10":{"loc":{"start":{"line":102,"column":16},"end":{"line":108,"column":null}},"type":"if","locations":[{"start":{"line":102,"column":16},"end":{"line":108,"column":null}},{"start":{"line":102,"column":16},"end":{"line":108,"column":null}}]}},"s":{"0":1,"1":1,"2":1,"3":1,"4":0,"5":0,"6":0,"7":0,"8":0,"9":0,"10":0,"11":0,"12":0,"13":0,"14":0,"15":0,"16":0,"17":0,"18":0,"19":0,"20":0,"21":0,"22":0,"23":0,"24":0,"25":0,"26":0,"27":0,"28":0,"29":0,"30":0,"31":0,"32":0,"33":0,"34":0,"35":0,"36":0,"37":0,"38":0,"39":0,"40":0,"41":0,"42":0,"43":0,"44":0,"45":0,"46":0,"47":0,"48":0,"49":0,"50":0,"51":0,"52":0,"53":0,"54":0,"55":0,"56":0,"57":0,"58":0,"59":0,"60":0,"61":0,"62":1},"f":{"0":0,"1":0,"2":0,"3":0,"4":0,"5":0,"6":0,"7":0,"8":0},"b":{"0":[0,0],"1":[0,0],"2":[0,0],"3":[0,0],"4":[0,0],"5":[0,0],"6":[0,0],"7":[0,0],"8":[0,0],"9":[0],"10":[0,0]}}
,"/home/codespace/workspace/microsoft-teams-apps-employeetraining/Source/Microsoft.Teams.Apps.EmployeeTraining/ClientApp/src/components/create-event/create-event-step2.tsx": {"path":"/home/codespace/workspace/microsoft-teams-apps-employeetraining/Source/Microsoft.Teams.Apps.EmployeeTraining/ClientApp/src/components/create-event/create-event-step2.tsx","statementMap":{"0":{"start":{"line":5,"column":0},"end":{"line":5,"column":31}},"1":{"start":{"line":6,"column":0},"end":{"line":6,"column":54}},"2":{"start":{"line":7,"column":0},"end":{"line":7,"column":65}},"3":{"start":{"line":8,"column":0},"end":{"line":8,"column":95}},"4":{"start":{"line":9,"column":0},"end":{"line":9,"column":104}},"5":{"start":{"line":10,"column":0},"end":{"line":10,"column":93}},"6":{"start":{"line":12,"column":0},"end":{"line":12,"column":78}},"7":{"start":{"line":18,"column":0},"end":{"line":18,"column":60}},"8":{"start":{"line":19,"column":0},"end":{"line":19,"column":67}},"9":{"start":{"line":35,"column":0},"end":{"line":35,"column":96}},"10":{"start":{"line":35,"column":31},"end":{"line":35,"column":36}},"11":{"start":{"line":40,"column":8},"end":{"line":40,"column":null}},"12":{"start":{"line":63,"column":4},"end":{"line":70,"column":6}},"13":{"start":{"line":64,"column":25},"end":{"line":64,"column":60}},"14":{"start":{"line":65,"column":8},"end":{"line":65,"column":77}},"15":{"start":{"line":66,"column":8},"end":{"line":66,"column":73}},"16":{"start":{"line":67,"column":8},"end":{"line":67,"column":61}},"17":{"start":{"line":68,"column":8},"end":{"line":68,"column":115}},"18":{"start":{"line":69,"column":8},"end":{"line":69,"column":52}},"19":{"start":{"line":75,"column":4},"end":{"line":82,"column":6}},"20":{"start":{"line":76,"column":25},"end":{"line":76,"column":60}},"21":{"start":{"line":77,"column":8},"end":{"line":77,"column":77}},"22":{"start":{"line":78,"column":8},"end":{"line":78,"column":73}},"23":{"start":{"line":79,"column":8},"end":{"line":79,"column":61}},"24":{"start":{"line":80,"column":8},"end":{"line":80,"column":115}},"25":{"start":{"line":81,"column":8},"end":{"line":81,"column":52}},"26":{"start":{"line":88,"column":4},"end":{"line":93,"column":null}},"27":{"start":{"line":89,"column":22},"end":{"line":89,"column":55}},"28":{"start":{"line":90,"column":8},"end":{"line":90,"column":77}},"29":{"start":{"line":92,"column":8},"end":{"line":92,"column":59}},"30":{"start":{"line":99,"column":4},"end":{"line":104,"column":null}},"31":{"start":{"line":100,"column":22},"end":{"line":100,"column":55}},"32":{"start":{"line":101,"column":8},"end":{"line":101,"column":39}},"33":{"start":{"line":103,"column":8},"end":{"line":103,"column":59}},"34":{"start":{"line":109,"column":4},"end":{"line":164,"column":null}},"35":{"start":{"line":110,"column":8},"end":{"line":163,"column":null}},"36":{"start":{"line":112,"column":23},"end":{"line":134,"column":14}},"37":{"start":{"line":113,"column":16},"end":{"line":133,"column":null}},"38":{"start":{"line":125,"column":63},"end":{"line":125,"column":91}},"39":{"start":{"line":129,"column":89},"end":{"line":129,"column":115}},"40":{"start":{"line":136,"column":12},"end":{"line":138,"column":14}},"41":{"start":{"line":141,"column":12},"end":{"line":162,"column":14}},"42":{"start":{"line":169,"column":4},"end":{"line":174,"column":null}},"43":{"start":{"line":171,"column":12},"end":{"line":171,"column":58}},"44":{"start":{"line":172,"column":12},"end":{"line":172,"column":22}},"45":{"start":{"line":180,"column":4},"end":{"line":195,"column":null}},"46":{"start":{"line":180,"column":63},"end":{"line":195,"column":null}},"47":{"start":{"line":181,"column":12},"end":{"line":187,"column":10}},"48":{"start":{"line":189,"column":12},"end":{"line":189,"column":62}},"49":{"start":{"line":190,"column":12},"end":{"line":190,"column":108}},"50":{"start":{"line":190,"column":65},"end":{"line":190,"column":107}},"51":{"start":{"line":191,"column":8},"end":{"line":194,"column":null}},"52":{"start":{"line":192,"column":12},"end":{"line":192,"column":52}},"53":{"start":{"line":193,"column":12},"end":{"line":193,"column":69}},"54":{"start":{"line":201,"column":4},"end":{"line":206,"column":null}},"55":{"start":{"line":202,"column":8},"end":{"line":205,"column":12}},"56":{"start":{"line":202,"column":62},"end":{"line":205,"column":11}},"57":{"start":{"line":211,"column":4},"end":{"line":215,"column":null}},"58":{"start":{"line":212,"column":8},"end":{"line":214,"column":12}},"59":{"start":{"line":212,"column":62},"end":{"line":214,"column":11}},"60":{"start":{"line":220,"column":4},"end":{"line":235,"column":null}},"61":{"start":{"line":220,"column":23},"end":{"line":235,"column":null}},"62":{"start":{"line":221,"column":8},"end":{"line":221,"column":43}},"63":{"start":{"line":222,"column":12},"end":{"line":222,"column":61}},"64":{"start":{"line":223,"column":8},"end":{"line":223,"column":77}},"65":{"start":{"line":224,"column":8},"end":{"line":224,"column":73}},"66":{"start":{"line":225,"column":8},"end":{"line":225,"column":61}},"67":{"start":{"line":226,"column":8},"end":{"line":226,"column":115}},"68":{"start":{"line":228,"column":21},"end":{"line":228,"column":null}},"69":{"start":{"line":228,"column":12},"end":{"line":228,"column":null}},"70":{"start":{"line":229,"column":8},"end":{"line":234,"column":null}},"71":{"start":{"line":230,"column":12},"end":{"line":230,"column":80}},"72":{"start":{"line":233,"column":12},"end":{"line":233,"column":48}},"73":{"start":{"line":240,"column":4},"end":{"line":247,"column":null}},"74":{"start":{"line":241,"column":29},"end":{"line":241,"column":70}},"75":{"start":{"line":242,"column":8},"end":{"line":244,"column":null}},"76":{"start":{"line":242,"column":21},"end":{"line":242,"column":22}},"77":{"start":{"line":243,"column":12},"end":{"line":243,"column":52}},"78":{"start":{"line":246,"column":8},"end":{"line":246,"column":69}},"79":{"start":{"line":41,"column":8},"end":{"line":41,"column":25}},"80":{"start":{"line":42,"column":8},"end":{"line":42,"column":37}},"81":{"start":{"line":43,"column":28},"end":{"line":43,"column":68}},"82":{"start":{"line":44,"column":8},"end":{"line":50,"column":null}},"83":{"start":{"line":46,"column":144},"end":{"line":46,"column":209}},"84":{"start":{"line":53,"column":4},"end":{"line":58,"column":null}},"85":{"start":{"line":53,"column":4},"end":{"line":53,"column":21}},"86":{"start":{"line":54,"column":8},"end":{"line":54,"column":36}},"87":{"start":{"line":55,"column":8},"end":{"line":57,"column":11}},"88":{"start":{"line":56,"column":12},"end":{"line":56,"column":42}},"89":{"start":{"line":250,"column":4},"end":{"line":311,"column":null}},"90":{"start":{"line":250,"column":4},"end":{"line":250,"column":10}},"91":{"start":{"line":251,"column":8},"end":{"line":310,"column":10}},"92":{"start":{"line":270,"column":104},"end":{"line":270,"column":149}},"93":{"start":{"line":271,"column":61},"end":{"line":271,"column":95}},"94":{"start":{"line":286,"column":54},"end":{"line":286,"column":89}},"95":{"start":{"line":293,"column":104},"end":{"line":293,"column":138}},"96":{"start":{"line":312,"column":0},"end":{"line":312,"column":null}},"97":{"start":{"line":313,"column":0},"end":{"line":313,"column":51}}},"fnMap":{"0":{"name":"(anonymous_29)","decl":{"start":{"line":35,"column":0},"end":{"line":35,"column":31}},"loc":{"start":{"line":35,"column":0},"end":{"line":312,"column":null}}},"1":{"name":"CreateEventStep2","decl":{"start":{"line":39,"column":4},"end":{"line":39,"column":16}},"loc":{"start":{"line":39,"column":26},"end":{"line":51,"column":5}}},"2":{"name":"(anonymous_31)","decl":{"start":{"line":63,"column":19},"end":{"line":63,"column":null}},"loc":{"start":{"line":63,"column":19},"end":{"line":70,"column":5}}},"3":{"name":"(anonymous_32)","decl":{"start":{"line":75,"column":19},"end":{"line":75,"column":null}},"loc":{"start":{"line":75,"column":19},"end":{"line":82,"column":5}}},"4":{"name":"(anonymous_33)","decl":{"start":{"line":88,"column":21},"end":{"line":88,"column":22}},"loc":{"start":{"line":88,"column":41},"end":{"line":93,"column":5}}},"5":{"name":"(anonymous_34)","decl":{"start":{"line":99,"column":17},"end":{"line":99,"column":18}},"loc":{"start":{"line":99,"column":37},"end":{"line":104,"column":5}}},"6":{"name":"(anonymous_35)","decl":{"start":{"line":109,"column":20},"end":{"line":109,"column":null}},"loc":{"start":{"line":109,"column":20},"end":{"line":164,"column":5}}},"7":{"name":"(anonymous_36)","decl":{"start":{"line":112,"column":61},"end":{"line":112,"column":62}},"loc":{"start":{"line":112,"column":75},"end":{"line":134,"column":13}}},"8":{"name":"(anonymous_37)","decl":{"start":{"line":125,"column":57},"end":{"line":125,"column":63}},"loc":{"start":{"line":125,"column":57},"end":{"line":125,"column":67}}},"9":{"name":"(anonymous_38)","decl":{"start":{"line":129,"column":83},"end":{"line":129,"column":89}},"loc":{"start":{"line":129,"column":83},"end":{"line":129,"column":93}}},"10":{"name":"(anonymous_39)","decl":{"start":{"line":170,"column":15},"end":{"line":170,"column":16}},"loc":{"start":{"line":170,"column":25},"end":{"line":173,"column":9}}},"11":{"name":"(anonymous_40)","decl":{"start":{"line":180,"column":29},"end":{"line":180,"column":36}},"loc":{"start":{"line":180,"column":63},"end":{"line":195,"column":null}}},"12":{"name":"(anonymous_41)","decl":{"start":{"line":180,"column":63},"end":{"line":180,"column":null}},"loc":{"start":{"line":180,"column":63},"end":{"line":195,"column":null}}},"13":{"name":"(anonymous_43)","decl":{"start":{"line":190,"column":48},"end":{"line":190,"column":49}},"loc":{"start":{"line":190,"column":60},"end":{"line":190,"column":76}}},"14":{"name":"(anonymous_44)","decl":{"start":{"line":201,"column":23},"end":{"line":201,"column":24}},"loc":{"start":{"line":201,"column":33},"end":{"line":206,"column":5}}},"15":{"name":"(anonymous_45)","decl":{"start":{"line":202,"column":22},"end":{"line":202,"column":23}},"loc":{"start":{"line":202,"column":57},"end":{"line":202,"column":63}}},"16":{"name":"(anonymous_46)","decl":{"start":{"line":211,"column":33},"end":{"line":211,"column":null}},"loc":{"start":{"line":211,"column":33},"end":{"line":215,"column":5}}},"17":{"name":"(anonymous_47)","decl":{"start":{"line":212,"column":22},"end":{"line":212,"column":23}},"loc":{"start":{"line":212,"column":57},"end":{"line":212,"column":63}}},"18":{"name":"(anonymous_48)","decl":{"start":{"line":220,"column":23},"end":{"line":220,"column":null}},"loc":{"start":{"line":220,"column":23},"end":{"line":235,"column":null}}},"19":{"name":"(anonymous_51)","decl":{"start":{"line":240,"column":28},"end":{"line":240,"column":null}},"loc":{"start":{"line":240,"column":28},"end":{"line":247,"column":5}}},"20":{"name":"(anonymous_52)","decl":{"start":{"line":46,"column":130},"end":{"line":46,"column":131}},"loc":{"start":{"line":46,"column":139},"end":{"line":46,"column":152}}},"21":{"name":"(anonymous_53)","decl":{"start":{"line":53,"column":4},"end":{"line":53,"column":21}},"loc":{"start":{"line":53,"column":4},"end":{"line":58,"column":5}}},"22":{"name":"(anonymous_54)","decl":{"start":{"line":55,"column":34},"end":{"line":55,"column":35}},"loc":{"start":{"line":55,"column":66},"end":{"line":57,"column":9}}},"23":{"name":"(anonymous_55)","decl":{"start":{"line":250,"column":4},"end":{"line":250,"column":10}},"loc":{"start":{"line":250,"column":4},"end":{"line":311,"column":5}}},"24":{"name":"(anonymous_56)","decl":{"start":{"line":270,"column":68},"end":{"line":270,"column":69}},"loc":{"start":{"line":270,"column":97},"end":{"line":270,"column":150}}},"25":{"name":"(anonymous_57)","decl":{"start":{"line":271,"column":42},"end":{"line":271,"column":43}},"loc":{"start":{"line":271,"column":54},"end":{"line":271,"column":96}}},"26":{"name":"(anonymous_58)","decl":{"start":{"line":286,"column":48},"end":{"line":286,"column":54}},"loc":{"start":{"line":286,"column":48},"end":{"line":286,"column":58}}},"27":{"name":"(anonymous_59)","decl":{"start":{"line":293,"column":87},"end":{"line":293,"column":88}},"loc":{"start":{"line":293,"column":99},"end":{"line":293,"column":115}}}},"branchMap":{"0":{"loc":{"start":{"line":40,"column":8},"end":{"line":40,"column":20}},"type":"binary-expr","locations":[{"start":{"line":40,"column":8},"end":{"line":40,"column":20}},{"start":{"line":40,"column":20},"end":{"line":40,"column":null}}]},"1":{"loc":{"start":{"line":110,"column":8},"end":{"line":163,"column":null}},"type":"if","locations":[{"start":{"line":110,"column":8},"end":{"line":163,"column":null}},{"start":{"line":110,"column":8},"end":{"line":163,"column":null}}]},"2":{"loc":{"start":{"line":110,"column":12},"end":{"line":110,"column":45}},"type":"binary-expr","locations":[{"start":{"line":110,"column":12},"end":{"line":110,"column":45}},{"start":{"line":110,"column":49},"end":{"line":110,"column":93}}]},"3":{"loc":{"start":{"line":191,"column":8},"end":{"line":194,"column":null}},"type":"if","locations":[{"start":{"line":191,"column":8},"end":{"line":194,"column":null}},{"start":{"line":191,"column":8},"end":{"line":194,"column":null}}]},"4":{"loc":{"start":{"line":229,"column":8},"end":{"line":234,"column":null}},"type":"if","locations":[{"start":{"line":229,"column":8},"end":{"line":234,"column":null}},{"start":{"line":229,"column":8},"end":{"line":234,"column":null}}]},"5":{"loc":{"start":{"line":46,"column":88},"end":{"line":46,"column":90}},"type":"cond-expr","locations":[{"start":{"line":46,"column":88},"end":{"line":46,"column":90}},{"start":{"line":46,"column":88},"end":{"line":46,"column":101}}]},"6":{"loc":{"start":{"line":46,"column":41},"end":{"line":46,"column":90}},"type":"binary-expr","locations":[{"start":{"line":46,"column":41},"end":{"line":46,"column":90}},{"start":{"line":46,"column":88},"end":{"line":46,"column":90}}]},"7":{"loc":{"start":{"line":46,"column":209},"end":{"line":46,"column":211}},"type":"cond-expr","locations":[{"start":{"line":46,"column":209},"end":{"line":46,"column":211}},{"start":{"line":46,"column":209},"end":{"line":46,"column":216}}]},"8":{"loc":{"start":{"line":46,"column":111},"end":{"line":46,"column":211}},"type":"binary-expr","locations":[{"start":{"line":46,"column":111},"end":{"line":46,"column":211}},{"start":{"line":46,"column":209},"end":{"line":46,"column":211}}]},"9":{"loc":{"start":{"line":47,"column":94},"end":{"line":47,"column":138}},"type":"cond-expr","locations":[{"start":{"line":47,"column":94},"end":{"line":47,"column":138}},{"start":{"line":47,"column":141},"end":{"line":47,"column":172}}]},"10":{"loc":{"start":{"line":276,"column":21},"end":{"line":276,"column":79}},"type":"binary-expr","locations":[{"start":{"line":276,"column":21},"end":{"line":276,"column":79}},{"start":{"line":276,"column":83},"end":{"line":298,"column":null}}]},"11":{"loc":{"start":{"line":306,"column":22},"end":{"line":306,"column":55}},"type":"binary-expr","locations":[{"start":{"line":306,"column":22},"end":{"line":306,"column":55}},{"start":{"line":306,"column":60},"end":{"line":306,"column":92}},{"start":{"line":306,"column":96},"end":{"line":306,"column":129}},{"start":{"line":306,"column":135},"end":{"line":306,"column":321}}]},"12":{"loc":{"start":{"line":307,"column":76},"end":{"line":307,"column":96}},"type":"binary-expr","locations":[{"start":{"line":307,"column":76},"end":{"line":307,"column":96}},{"start":{"line":307,"column":101},"end":{"line":307,"column":159}},{"start":{"line":307,"column":163},"end":{"line":307,"column":209}}]}},"s":{"0":1,"1":1,"2":1,"3":1,"4":1,"5":1,"6":1,"7":1,"8":1,"9":1,"10":1,"11":5,"12":5,"13":1,"14":1,"15":1,"16":1,"17":1,"18":1,"19":5,"20":1,"21":1,"22":1,"23":1,"24":1,"25":1,"26":5,"27":0,"28":0,"29":0,"30":5,"31":0,"32":0,"33":0,"34":5,"35":0,"36":0,"37":0,"38":0,"39":0,"40":0,"41":0,"42":5,"43":0,"44":0,"45":5,"46":0,"47":0,"48":0,"49":0,"50":0,"51":0,"52":0,"53":0,"54":5,"55":0,"56":0,"57":5,"58":0,"59":0,"60":5,"61":0,"62":0,"63":0,"64":0,"65":0,"66":0,"67":0,"68":0,"69":0,"70":0,"71":0,"72":0,"73":5,"74":0,"75":0,"76":0,"77":0,"78":0,"79":5,"80":5,"81":5,"82":5,"83":5,"84":1,"85":5,"86":5,"87":5,"88":5,"89":1,"90":6,"91":6,"92":12,"93":0,"94":0,"95":0,"96":1,"97":1},"f":{"0":1,"1":5,"2":1,"3":1,"4":0,"5":0,"6":0,"7":0,"8":0,"9":0,"10":0,"11":0,"12":0,"13":0,"14":0,"15":0,"16":0,"17":0,"18":0,"19":0,"20":5,"21":5,"22":5,"23":6,"24":12,"25":0,"26":0,"27":0},"b":{"0":[5,5],"1":[0,0],"2":[0,0],"3":[0,0],"4":[0,0],"5":[0,5],"6":[5,5],"7":[0,5],"8":[5,5],"9":[0,5],"10":[6,0],"11":[6,1,1,6],"12":[6,6,0]}}
,"/home/codespace/workspace/microsoft-teams-apps-employeetraining/Source/Microsoft.Teams.Apps.EmployeeTraining/ClientApp/src/components/create-event/create-event-step3.tsx": {"path":"/home/codespace/workspace/microsoft-teams-apps-employeetraining/Source/Microsoft.Teams.Apps.EmployeeTraining/ClientApp/src/components/create-event/create-event-step3.tsx","statementMap":{"0":{"start":{"line":5,"column":0},"end":{"line":5,"column":31}},"1":{"start":{"line":6,"column":0},"end":{"line":6,"column":54}},"2":{"start":{"line":7,"column":0},"end":{"line":7,"column":65}},"3":{"start":{"line":8,"column":0},"end":{"line":8,"column":121}},"4":{"start":{"line":11,"column":0},"end":{"line":11,"column":46}},"5":{"start":{"line":13,"column":0},"end":{"line":13,"column":52}},"6":{"start":{"line":14,"column":0},"end":{"line":14,"column":28}},"7":{"start":{"line":15,"column":0},"end":{"line":15,"column":60}},"8":{"start":{"line":16,"column":0},"end":{"line":16,"column":123}},"9":{"start":{"line":17,"column":0},"end":{"line":17,"column":77}},"10":{"start":{"line":18,"column":0},"end":{"line":18,"column":80}},"11":{"start":{"line":19,"column":0},"end":{"line":19,"column":89}},"12":{"start":{"line":20,"column":0},"end":{"line":20,"column":83}},"13":{"start":{"line":34,"column":0},"end":{"line":34,"column":96}},"14":{"start":{"line":34,"column":31},"end":{"line":34,"column":36}},"15":{"start":{"line":38,"column":8},"end":{"line":38,"column":null}},"16":{"start":{"line":62,"column":4},"end":{"line":65,"column":null}},"17":{"start":{"line":62,"column":34},"end":{"line":65,"column":null}},"18":{"start":{"line":63,"column":21},"end":{"line":63,"column":null}},"19":{"start":{"line":63,"column":12},"end":{"line":63,"column":null}},"20":{"start":{"line":64,"column":8},"end":{"line":64,"column":82}},"21":{"start":{"line":70,"column":4},"end":{"line":72,"column":6}},"22":{"start":{"line":71,"column":8},"end":{"line":71,"column":64}},"23":{"start":{"line":75,"column":4},"end":{"line":109,"column":null}},"24":{"start":{"line":76,"column":51},"end":{"line":76,"column":53}},"25":{"start":{"line":78,"column":8},"end":{"line":89,"column":null}},"26":{"start":{"line":80,"column":16},"end":{"line":80,"column":64}},"27":{"start":{"line":81,"column":16},"end":{"line":81,"column":22}},"28":{"start":{"line":84,"column":16},"end":{"line":84,"column":61}},"29":{"start":{"line":85,"column":16},"end":{"line":85,"column":22}},"30":{"start":{"line":88,"column":16},"end":{"line":88,"column":22}},"31":{"start":{"line":91,"column":8},"end":{"line":102,"column":null}},"32":{"start":{"line":93,"column":16},"end":{"line":93,"column":97}},"33":{"start":{"line":94,"column":16},"end":{"line":94,"column":22}},"34":{"start":{"line":97,"column":16},"end":{"line":97,"column":96}},"35":{"start":{"line":98,"column":16},"end":{"line":98,"column":22}},"36":{"start":{"line":101,"column":16},"end":{"line":101,"column":22}},"37":{"start":{"line":104,"column":8},"end":{"line":108,"column":10}},"38":{"start":{"line":117,"column":4},"end":{"line":123,"column":null}},"39":{"start":{"line":118,"column":23},"end":{"line":118,"column":66}},"40":{"start":{"line":119,"column":29},"end":{"line":119,"column":74}},"41":{"start":{"line":120,"column":27},"end":{"line":120,"column":70}},"42":{"start":{"line":122,"column":8},"end":{"line":122,"column":66}},"43":{"start":{"line":130,"column":4},"end":{"line":139,"column":null}},"44":{"start":{"line":131,"column":8},"end":{"line":138,"column":null}},"45":{"start":{"line":132,"column":12},"end":{"line":137,"column":14}},"46":{"start":{"line":144,"column":4},"end":{"line":154,"column":null}},"47":{"start":{"line":144,"column":23},"end":{"line":154,"column":null}},"48":{"start":{"line":145,"column":8},"end":{"line":145,"column":48}},"49":{"start":{"line":146,"column":21},"end":{"line":146,"column":null}},"50":{"start":{"line":146,"column":12},"end":{"line":146,"column":null}},"51":{"start":{"line":147,"column":8},"end":{"line":153,"column":null}},"52":{"start":{"line":148,"column":12},"end":{"line":148,"column":80}},"53":{"start":{"line":151,"column":12},"end":{"line":151,"column":53}},"54":{"start":{"line":152,"column":12},"end":{"line":152,"column":81}},"55":{"start":{"line":159,"column":4},"end":{"line":169,"column":null}},"56":{"start":{"line":159,"column":18},"end":{"line":169,"column":null}},"57":{"start":{"line":160,"column":8},"end":{"line":160,"column":49}},"58":{"start":{"line":161,"column":21},"end":{"line":161,"column":null}},"59":{"start":{"line":161,"column":12},"end":{"line":161,"column":null}},"60":{"start":{"line":162,"column":8},"end":{"line":168,"column":null}},"61":{"start":{"line":163,"column":12},"end":{"line":163,"column":86}},"62":{"start":{"line":166,"column":12},"end":{"line":166,"column":54}},"63":{"start":{"line":167,"column":12},"end":{"line":167,"column":87}},"64":{"start":{"line":174,"column":4},"end":{"line":184,"column":null}},"65":{"start":{"line":174,"column":18},"end":{"line":184,"column":null}},"66":{"start":{"line":175,"column":8},"end":{"line":175,"column":49}},"67":{"start":{"line":176,"column":21},"end":{"line":176,"column":null}},"68":{"start":{"line":176,"column":12},"end":{"line":176,"column":null}},"69":{"start":{"line":177,"column":8},"end":{"line":183,"column":null}},"70":{"start":{"line":178,"column":12},"end":{"line":178,"column":65}},"71":{"start":{"line":181,"column":12},"end":{"line":181,"column":54}},"72":{"start":{"line":182,"column":12},"end":{"line":182,"column":66}},"73":{"start":{"line":187,"column":4},"end":{"line":196,"column":null}},"74":{"start":{"line":188,"column":8},"end":{"line":195,"column":null}},"75":{"start":{"line":189,"column":12},"end":{"line":194,"column":14}},"76":{"start":{"line":39,"column":8},"end":{"line":39,"column":37}},"77":{"start":{"line":40,"column":8},"end":{"line":40,"column":25}},"78":{"start":{"line":41,"column":8},"end":{"line":45,"column":null}},"79":{"start":{"line":48,"column":4},"end":{"line":57,"column":null}},"80":{"start":{"line":48,"column":4},"end":{"line":48,"column":21}},"81":{"start":{"line":49,"column":8},"end":{"line":49,"column":36}},"82":{"start":{"line":50,"column":8},"end":{"line":52,"column":11}},"83":{"start":{"line":51,"column":12},"end":{"line":51,"column":42}},"84":{"start":{"line":54,"column":8},"end":{"line":56,"column":null}},"85":{"start":{"line":55,"column":12},"end":{"line":55,"column":47}},"86":{"start":{"line":199,"column":4},"end":{"line":264,"column":null}},"87":{"start":{"line":200,"column":8},"end":{"line":263,"column":10}},"88":{"start":{"line":265,"column":0},"end":{"line":265,"column":null}},"89":{"start":{"line":267,"column":0},"end":{"line":267,"column":64}}},"fnMap":{"0":{"name":"(anonymous_29)","decl":{"start":{"line":34,"column":0},"end":{"line":34,"column":31}},"loc":{"start":{"line":34,"column":0},"end":{"line":265,"column":null}}},"1":{"name":"CreateEventStep3","decl":{"start":{"line":37,"column":4},"end":{"line":37,"column":16}},"loc":{"start":{"line":37,"column":26},"end":{"line":46,"column":5}}},"2":{"name":"(anonymous_31)","decl":{"start":{"line":62,"column":34},"end":{"line":62,"column":null}},"loc":{"start":{"line":62,"column":34},"end":{"line":65,"column":null}}},"3":{"name":"(anonymous_34)","decl":{"start":{"line":70,"column":19},"end":{"line":70,"column":null}},"loc":{"start":{"line":70,"column":19},"end":{"line":72,"column":5}}},"4":{"name":"(anonymous_35)","decl":{"start":{"line":75,"column":19},"end":{"line":75,"column":null}},"loc":{"start":{"line":75,"column":19},"end":{"line":109,"column":5}}},"5":{"name":"(anonymous_36)","decl":{"start":{"line":117,"column":25},"end":{"line":117,"column":26}},"loc":{"start":{"line":117,"column":73},"end":{"line":123,"column":5}}},"6":{"name":"(anonymous_37)","decl":{"start":{"line":130,"column":23},"end":{"line":130,"column":24}},"loc":{"start":{"line":130,"column":56},"end":{"line":139,"column":5}}},"7":{"name":"(anonymous_38)","decl":{"start":{"line":144,"column":23},"end":{"line":144,"column":null}},"loc":{"start":{"line":144,"column":23},"end":{"line":154,"column":null}}},"8":{"name":"(anonymous_41)","decl":{"start":{"line":159,"column":18},"end":{"line":159,"column":null}},"loc":{"start":{"line":159,"column":18},"end":{"line":169,"column":null}}},"9":{"name":"(anonymous_44)","decl":{"start":{"line":174,"column":18},"end":{"line":174,"column":null}},"loc":{"start":{"line":174,"column":18},"end":{"line":184,"column":null}}},"10":{"name":"(anonymous_47)","decl":{"start":{"line":187,"column":24},"end":{"line":187,"column":null}},"loc":{"start":{"line":187,"column":24},"end":{"line":196,"column":5}}},"11":{"name":"(anonymous_48)","decl":{"start":{"line":48,"column":4},"end":{"line":48,"column":21}},"loc":{"start":{"line":48,"column":4},"end":{"line":57,"column":5}}},"12":{"name":"(anonymous_49)","decl":{"start":{"line":50,"column":34},"end":{"line":50,"column":35}},"loc":{"start":{"line":50,"column":66},"end":{"line":52,"column":9}}},"13":{"name":"(anonymous_50)","decl":{"start":{"line":199,"column":4},"end":{"line":199,"column":10}},"loc":{"start":{"line":199,"column":4},"end":{"line":264,"column":5}}}},"branchMap":{"0":{"loc":{"start":{"line":38,"column":8},"end":{"line":38,"column":20}},"type":"binary-expr","locations":[{"start":{"line":38,"column":8},"end":{"line":38,"column":20}},{"start":{"line":38,"column":20},"end":{"line":38,"column":null}}]},"1":{"loc":{"start":{"line":63,"column":21},"end":{"line":63,"column":null}},"type":"switch","locations":[{"start":{"line":63,"column":21},"end":{"line":63,"column":null}}]},"2":{"loc":{"start":{"line":79,"column":12},"end":{"line":81,"column":22}},"type":"switch","locations":[{"start":{"line":79,"column":12},"end":{"line":81,"column":22}},{"start":{"line":83,"column":12},"end":{"line":85,"column":22}},{"start":{"line":87,"column":12},"end":{"line":88,"column":22}}]},"3":{"loc":{"start":{"line":78,"column":54},"end":{"line":78,"column":56}},"type":"cond-expr","locations":[{"start":{"line":78,"column":54},"end":{"line":78,"column":56}},{"start":{"line":78,"column":54},"end":{"line":78,"column":60}}]},"4":{"loc":{"start":{"line":78,"column":8},"end":{"line":78,"column":56}},"type":"binary-expr","locations":[{"start":{"line":78,"column":8},"end":{"line":78,"column":56}},{"start":{"line":78,"column":54},"end":{"line":78,"column":56}}]},"5":{"loc":{"start":{"line":92,"column":12},"end":{"line":94,"column":22}},"type":"switch","locations":[{"start":{"line":92,"column":12},"end":{"line":94,"column":22}},{"start":{"line":96,"column":12},"end":{"line":98,"column":22}},{"start":{"line":100,"column":12},"end":{"line":101,"column":22}}]},"6":{"loc":{"start":{"line":91,"column":54},"end":{"line":91,"column":56}},"type":"cond-expr","locations":[{"start":{"line":91,"column":54},"end":{"line":91,"column":56}},{"start":{"line":91,"column":54},"end":{"line":91,"column":64}}]},"7":{"loc":{"start":{"line":91,"column":8},"end":{"line":91,"column":56}},"type":"binary-expr","locations":[{"start":{"line":91,"column":8},"end":{"line":91,"column":56}},{"start":{"line":91,"column":54},"end":{"line":91,"column":56}}]},"8":{"loc":{"start":{"line":131,"column":8},"end":{"line":138,"column":null}},"type":"if","locations":[{"start":{"line":131,"column":8},"end":{"line":138,"column":null}},{"start":{"line":131,"column":8},"end":{"line":138,"column":null}}]},"9":{"loc":{"start":{"line":147,"column":8},"end":{"line":153,"column":null}},"type":"if","locations":[{"start":{"line":147,"column":8},"end":{"line":153,"column":null}},{"start":{"line":147,"column":8},"end":{"line":153,"column":null}}]},"10":{"loc":{"start":{"line":162,"column":8},"end":{"line":168,"column":null}},"type":"if","locations":[{"start":{"line":162,"column":8},"end":{"line":168,"column":null}},{"start":{"line":162,"column":8},"end":{"line":168,"column":null}}]},"11":{"loc":{"start":{"line":177,"column":8},"end":{"line":183,"column":null}},"type":"if","locations":[{"start":{"line":177,"column":8},"end":{"line":183,"column":null}},{"start":{"line":177,"column":8},"end":{"line":183,"column":null}}]},"12":{"loc":{"start":{"line":188,"column":8},"end":{"line":195,"column":null}},"type":"if","locations":[{"start":{"line":188,"column":8},"end":{"line":195,"column":null}},{"start":{"line":188,"column":8},"end":{"line":195,"column":null}}]},"13":{"loc":{"start":{"line":54,"column":8},"end":{"line":56,"column":null}},"type":"if","locations":[{"start":{"line":54,"column":8},"end":{"line":56,"column":null}},{"start":{"line":54,"column":8},"end":{"line":56,"column":null}}]},"14":{"loc":{"start":{"line":54,"column":12},"end":{"line":54,"column":85}},"type":"binary-expr","locations":[{"start":{"line":54,"column":12},"end":{"line":54,"column":85}},{"start":{"line":54,"column":89},"end":{"line":54,"column":142}}]},"15":{"loc":{"start":{"line":207,"column":114},"end":{"line":207,"column":116}},"type":"cond-expr","locations":[{"start":{"line":207,"column":114},"end":{"line":207,"column":116}},{"start":{"line":207,"column":114},"end":{"line":207,"column":123}}]},"16":{"loc":{"start":{"line":207,"column":72},"end":{"line":207,"column":116}},"type":"binary-expr","locations":[{"start":{"line":207,"column":72},"end":{"line":207,"column":116}},{"start":{"line":207,"column":114},"end":{"line":207,"column":116}}]},"17":{"loc":{"start":{"line":212,"column":21},"end":{"line":212,"column":65}},"type":"binary-expr","locations":[{"start":{"line":212,"column":21},"end":{"line":212,"column":65}},{"start":{"line":212,"column":69},"end":{"line":212,"column":159}}]},"18":{"loc":{"start":{"line":213,"column":21},"end":{"line":213,"column":73}},"type":"binary-expr","locations":[{"start":{"line":213,"column":21},"end":{"line":213,"column":73}},{"start":{"line":213,"column":77},"end":{"line":216,"column":null}}]},"19":{"loc":{"start":{"line":251,"column":25},"end":{"line":251,"column":58}},"type":"binary-expr","locations":[{"start":{"line":251,"column":25},"end":{"line":251,"column":58}},{"start":{"line":251,"column":62},"end":{"line":251,"column":95}},{"start":{"line":251,"column":100},"end":{"line":253,"column":null}}]},"20":{"loc":{"start":{"line":252,"column":46},"end":{"line":252,"column":72}},"type":"binary-expr","locations":[{"start":{"line":252,"column":46},"end":{"line":252,"column":72}},{"start":{"line":252,"column":76},"end":{"line":252,"column":101}}]},"21":{"loc":{"start":{"line":253,"column":46},"end":{"line":253,"column":72}},"type":"binary-expr","locations":[{"start":{"line":253,"column":46},"end":{"line":253,"column":72}},{"start":{"line":253,"column":76},"end":{"line":253,"column":101}}]},"22":{"loc":{"start":{"line":257,"column":24},"end":{"line":257,"column":58}},"type":"binary-expr","locations":[{"start":{"line":257,"column":24},"end":{"line":257,"column":58}},{"start":{"line":257,"column":62},"end":{"line":257,"column":94}},{"start":{"line":257,"column":98},"end":{"line":258,"column":null}}]}},"s":{"0":1,"1":1,"2":1,"3":1,"4":1,"5":1,"6":1,"7":1,"8":1,"9":1,"10":1,"11":1,"12":1,"13":1,"14":1,"15":4,"16":4,"17":0,"18":0,"19":0,"20":0,"21":4,"22":0,"23":4,"24":9,"25":9,"26":9,"27":9,"28":0,"29":0,"30":0,"31":9,"32":0,"33":0,"34":9,"35":9,"36":0,"37":9,"38":4,"39":9,"40":9,"41":9,"42":9,"43":4,"44":9,"45":0,"46":4,"47":0,"48":0,"49":0,"50":0,"51":0,"52":0,"53":0,"54":0,"55":4,"56":0,"57":0,"58":0,"59":0,"60":0,"61":0,"62":0,"63":0,"64":4,"65":0,"66":0,"67":0,"68":0,"69":0,"70":0,"71":0,"72":0,"73":4,"74":9,"75":0,"76":4,"77":4,"78":4,"79":1,"80":4,"81":4,"82":4,"83":4,"84":4,"85":0,"86":1,"87":9,"88":1,"89":1},"f":{"0":1,"1":4,"2":0,"3":0,"4":9,"5":9,"6":9,"7":0,"8":0,"9":0,"10":9,"11":4,"12":4,"13":9},"b":{"0":[4,4],"1":[0],"2":[9,0,0],"3":[0,9],"4":[9,9],"5":[0,9,0],"6":[0,9],"7":[9,9],"8":[0,9],"9":[0,0],"10":[0,0],"11":[0,0],"12":[0,9],"13":[0,4],"14":[4,0],"15":[9,0],"16":[9,9],"17":[9,0],"18":[9,0],"19":[9,9,8],"20":[8,8],"21":[8,8],"22":[9,9,1]}}
,"/home/codespace/workspace/microsoft-teams-apps-employeetraining/Source/Microsoft.Teams.Apps.EmployeeTraining/ClientApp/src/components/manage-categories/add-update-category.tsx": {"path":"/home/codespace/workspace/microsoft-teams-apps-employeetraining/Source/Microsoft.Teams.Apps.EmployeeTraining/ClientApp/src/components/manage-categories/add-update-category.tsx","statementMap":{"0":{"start":{"line":5,"column":0},"end":{"line":5,"column":31}},"1":{"start":{"line":6,"column":0},"end":{"line":6,"column":72}},"2":{"start":{"line":8,"column":0},"end":{"line":8,"column":70}},"3":{"start":{"line":9,"column":0},"end":{"line":9,"column":65}},"4":{"start":{"line":10,"column":0},"end":{"line":10,"column":77}},"5":{"start":{"line":12,"column":0},"end":{"line":12,"column":87}},"6":{"start":{"line":13,"column":0},"end":{"line":13,"column":116}},"7":{"start":{"line":29,"column":0},"end":{"line":29,"column":85}},"8":{"start":{"line":29,"column":32},"end":{"line":29,"column":37}},"9":{"start":{"line":34,"column":8},"end":{"line":34,"column":null}},"10":{"start":{"line":77,"column":4},"end":{"line":122,"column":null}},"11":{"start":{"line":77,"column":34},"end":{"line":122,"column":null}},"12":{"start":{"line":78,"column":8},"end":{"line":78,"column":72}},"13":{"start":{"line":80,"column":12},"end":{"line":80,"column":53}},"14":{"start":{"line":85,"column":12},"end":{"line":85,"column":13}},"15":{"start":{"line":86,"column":38},"end":{"line":86,"column":71}},"16":{"start":{"line":86,"column":12},"end":{"line":86,"column":71}},"17":{"start":{"line":88,"column":12},"end":{"line":91,"column":null}},"18":{"start":{"line":89,"column":16},"end":{"line":89,"column":94}},"19":{"start":{"line":90,"column":16},"end":{"line":90,"column":23}},"20":{"start":{"line":96,"column":12},"end":{"line":96,"column":16}},"21":{"start":{"line":97,"column":23},"end":{"line":97,"column":83}},"22":{"start":{"line":97,"column":12},"end":{"line":97,"column":83}},"23":{"start":{"line":99,"column":12},"end":{"line":109,"column":null}},"24":{"start":{"line":100,"column":16},"end":{"line":105,"column":null}},"25":{"start":{"line":101,"column":20},"end":{"line":101,"column":96}},"26":{"start":{"line":104,"column":20},"end":{"line":104,"column":122}},"27":{"start":{"line":108,"column":16},"end":{"line":108,"column":120}},"28":{"start":{"line":112,"column":23},"end":{"line":112,"column":83}},"29":{"start":{"line":112,"column":12},"end":{"line":112,"column":83}},"30":{"start":{"line":114,"column":12},"end":{"line":120,"column":null}},"31":{"start":{"line":115,"column":16},"end":{"line":115,"column":81}},"32":{"start":{"line":116,"column":16},"end":{"line":116,"column":91}},"33":{"start":{"line":119,"column":16},"end":{"line":119,"column":120}},"34":{"start":{"line":125,"column":4},"end":{"line":147,"column":null}},"35":{"start":{"line":125,"column":26},"end":{"line":147,"column":null}},"36":{"start":{"line":126,"column":12},"end":{"line":126,"column":null}},"37":{"start":{"line":126,"column":44},"end":{"line":126,"column":null}},"38":{"start":{"line":127,"column":25},"end":{"line":127,"column":null}},"39":{"start":{"line":127,"column":16},"end":{"line":127,"column":null}},"40":{"start":{"line":129,"column":12},"end":{"line":142,"column":null}},"41":{"start":{"line":130,"column":20},"end":{"line":130,"column":63}},"42":{"start":{"line":132,"column":16},"end":{"line":134,"column":null}},"43":{"start":{"line":133,"column":20},"end":{"line":133,"column":33}},"44":{"start":{"line":136,"column":20},"end":{"line":136,"column":175}},"45":{"start":{"line":136,"column":96},"end":{"line":136,"column":174}},"46":{"start":{"line":138,"column":16},"end":{"line":138,"column":47}},"47":{"start":{"line":141,"column":16},"end":{"line":141,"column":29}},"48":{"start":{"line":145,"column":12},"end":{"line":145,"column":25}},"49":{"start":{"line":153,"column":4},"end":{"line":158,"column":null}},"50":{"start":{"line":154,"column":23},"end":{"line":154,"column":42}},"51":{"start":{"line":155,"column":8},"end":{"line":155,"column":43}},"52":{"start":{"line":157,"column":8},"end":{"line":157,"column":68}},"53":{"start":{"line":164,"column":4},"end":{"line":169,"column":null}},"54":{"start":{"line":165,"column":23},"end":{"line":165,"column":42}},"55":{"start":{"line":166,"column":8},"end":{"line":166,"column":50}},"56":{"start":{"line":168,"column":8},"end":{"line":168,"column":36}},"57":{"start":{"line":172,"column":4},"end":{"line":180,"column":null}},"58":{"start":{"line":173,"column":8},"end":{"line":179,"column":null}},"59":{"start":{"line":174,"column":12},"end":{"line":178,"column":14}},"60":{"start":{"line":35,"column":8},"end":{"line":35,"column":37}},"61":{"start":{"line":36,"column":8},"end":{"line":36,"column":25}},"62":{"start":{"line":40,"column":8},"end":{"line":51,"column":null}},"63":{"start":{"line":41,"column":12},"end":{"line":41,"column":57}},"64":{"start":{"line":44,"column":12},"end":{"line":50,"column":14}},"65":{"start":{"line":53,"column":8},"end":{"line":58,"column":10}},"66":{"start":{"line":64,"column":4},"end":{"line":74,"column":null}},"67":{"start":{"line":65,"column":8},"end":{"line":73,"column":null}},"68":{"start":{"line":66,"column":12},"end":{"line":72,"column":null}},"69":{"start":{"line":67,"column":16},"end":{"line":67,"column":61}},"70":{"start":{"line":69,"column":16},"end":{"line":71,"column":null}},"71":{"start":{"line":70,"column":20},"end":{"line":70,"column":76}},"72":{"start":{"line":183,"column":4},"end":{"line":226,"column":null}},"73":{"start":{"line":184,"column":8},"end":{"line":225,"column":10}},"74":{"start":{"line":227,"column":0},"end":{"line":227,"column":null}},"75":{"start":{"line":229,"column":0},"end":{"line":229,"column":65}}},"fnMap":{"0":{"name":"(anonymous_28)","decl":{"start":{"line":29,"column":0},"end":{"line":29,"column":32}},"loc":{"start":{"line":29,"column":0},"end":{"line":227,"column":null}}},"1":{"name":"AddUpdateCategory","decl":{"start":{"line":33,"column":4},"end":{"line":33,"column":16}},"loc":{"start":{"line":33,"column":26},"end":{"line":59,"column":5}}},"2":{"name":"(anonymous_30)","decl":{"start":{"line":77,"column":34},"end":{"line":77,"column":null}},"loc":{"start":{"line":77,"column":34},"end":{"line":122,"column":null}}},"3":{"name":"(anonymous_33)","decl":{"start":{"line":125,"column":26},"end":{"line":125,"column":null}},"loc":{"start":{"line":125,"column":26},"end":{"line":147,"column":null}}},"4":{"name":"(anonymous_36)","decl":{"start":{"line":136,"column":71},"end":{"line":136,"column":72}},"loc":{"start":{"line":136,"column":91},"end":{"line":136,"column":104}}},"5":{"name":"(anonymous_37)","decl":{"start":{"line":153,"column":20},"end":{"line":153,"column":21}},"loc":{"start":{"line":153,"column":31},"end":{"line":158,"column":5}}},"6":{"name":"(anonymous_38)","decl":{"start":{"line":164,"column":27},"end":{"line":164,"column":28}},"loc":{"start":{"line":164,"column":38},"end":{"line":169,"column":5}}},"7":{"name":"(anonymous_39)","decl":{"start":{"line":172,"column":30},"end":{"line":172,"column":null}},"loc":{"start":{"line":172,"column":30},"end":{"line":180,"column":5}}},"8":{"name":"(anonymous_40)","decl":{"start":{"line":64,"column":4},"end":{"line":64,"column":29}},"loc":{"start":{"line":64,"column":58},"end":{"line":74,"column":5}}},"9":{"name":"(anonymous_41)","decl":{"start":{"line":183,"column":4},"end":{"line":183,"column":10}},"loc":{"start":{"line":183,"column":4},"end":{"line":226,"column":5}}}},"branchMap":{"0":{"loc":{"start":{"line":34,"column":8},"end":{"line":34,"column":20}},"type":"binary-expr","locations":[{"start":{"line":34,"column":8},"end":{"line":34,"column":20}},{"start":{"line":34,"column":20},"end":{"line":34,"column":null}}]},"1":{"loc":{"start":{"line":112,"column":23},"end":{"line":112,"column":83}},"type":"switch","locations":[{"start":{"line":112,"column":23},"end":{"line":112,"column":83}}]},"2":{"loc":{"start":{"line":85,"column":12},"end":{"line":85,"column":13}},"type":"if","locations":[{"start":{"line":85,"column":12},"end":{"line":85,"column":13}},{"start":{"line":85,"column":12},"end":{"line":85,"column":13}}]},"3":{"loc":{"start":{"line":85,"column":12},"end":{"line":85,"column":32}},"type":"binary-expr","locations":[{"start":{"line":85,"column":12},"end":{"line":85,"column":32}},{"start":{"line":85,"column":37},"end":{"line":85,"column":97}}]},"4":{"loc":{"start":{"line":88,"column":12},"end":{"line":91,"column":null}},"type":"if","locations":[{"start":{"line":88,"column":12},"end":{"line":91,"column":null}},{"start":{"line":88,"column":12},"end":{"line":91,"column":null}}]},"5":{"loc":{"start":{"line":96,"column":12},"end":{"line":96,"column":16}},"type":"if","locations":[{"start":{"line":96,"column":12},"end":{"line":96,"column":16}},{"start":{"line":96,"column":12},"end":{"line":96,"column":16}}]},"6":{"loc":{"start":{"line":99,"column":12},"end":{"line":109,"column":null}},"type":"if","locations":[{"start":{"line":99,"column":12},"end":{"line":109,"column":null}},{"start":{"line":99,"column":12},"end":{"line":109,"column":null}}]},"7":{"loc":{"start":{"line":100,"column":16},"end":{"line":105,"column":null}},"type":"if","locations":[{"start":{"line":100,"column":16},"end":{"line":105,"column":null}},{"start":{"line":100,"column":16},"end":{"line":105,"column":null}}]},"8":{"loc":{"start":{"line":114,"column":12},"end":{"line":120,"column":null}},"type":"if","locations":[{"start":{"line":114,"column":12},"end":{"line":120,"column":null}},{"start":{"line":114,"column":12},"end":{"line":120,"column":null}}]},"9":{"loc":{"start":{"line":114,"column":16},"end":{"line":114,"column":52}},"type":"binary-expr","locations":[{"start":{"line":114,"column":16},"end":{"line":114,"column":52}},{"start":{"line":114,"column":56},"end":{"line":114,"column":78}}]},"10":{"loc":{"start":{"line":145,"column":12},"end":{"line":145,"column":25}},"type":"switch","locations":[{"start":{"line":145,"column":12},"end":{"line":145,"column":25}}]},"11":{"loc":{"start":{"line":126,"column":12},"end":{"line":126,"column":null}},"type":"if","locations":[{"start":{"line":126,"column":12},"end":{"line":126,"column":null}},{"start":{"line":126,"column":12},"end":{"line":126,"column":null}}]},"12":{"loc":{"start":{"line":126,"column":36},"end":{"line":126,"column":38}},"type":"cond-expr","locations":[{"start":{"line":126,"column":36},"end":{"line":126,"column":38}},{"start":{"line":126,"column":36},"end":{"line":126,"column":44}}]},"13":{"loc":{"start":{"line":126,"column":12},"end":{"line":126,"column":38}},"type":"binary-expr","locations":[{"start":{"line":126,"column":12},"end":{"line":126,"column":38}},{"start":{"line":126,"column":36},"end":{"line":126,"column":38}}]},"14":{"loc":{"start":{"line":129,"column":12},"end":{"line":142,"column":null}},"type":"if","locations":[{"start":{"line":129,"column":12},"end":{"line":142,"column":null}},{"start":{"line":129,"column":12},"end":{"line":142,"column":null}}]},"15":{"loc":{"start":{"line":129,"column":16},"end":{"line":129,"column":22}},"type":"binary-expr","locations":[{"start":{"line":129,"column":16},"end":{"line":129,"column":22}},{"start":{"line":129,"column":26},"end":{"line":129,"column":61}},{"start":{"line":129,"column":65},"end":{"line":129,"column":76}}]},"16":{"loc":{"start":{"line":132,"column":16},"end":{"line":134,"column":null}},"type":"if","locations":[{"start":{"line":132,"column":16},"end":{"line":134,"column":null}},{"start":{"line":132,"column":16},"end":{"line":134,"column":null}}]},"17":{"loc":{"start":{"line":132,"column":20},"end":{"line":132,"column":31}},"type":"binary-expr","locations":[{"start":{"line":132,"column":20},"end":{"line":132,"column":31}},{"start":{"line":132,"column":35},"end":{"line":132,"column":58}}]},"18":{"loc":{"start":{"line":173,"column":8},"end":{"line":179,"column":null}},"type":"if","locations":[{"start":{"line":173,"column":8},"end":{"line":179,"column":null}},{"start":{"line":173,"column":8},"end":{"line":179,"column":null}}]},"19":{"loc":{"start":{"line":40,"column":8},"end":{"line":51,"column":null}},"type":"if","locations":[{"start":{"line":40,"column":8},"end":{"line":51,"column":null}},{"start":{"line":40,"column":8},"end":{"line":51,"column":null}}]},"20":{"loc":{"start":{"line":65,"column":8},"end":{"line":73,"column":null}},"type":"if","locations":[{"start":{"line":65,"column":8},"end":{"line":73,"column":null}},{"start":{"line":65,"column":8},"end":{"line":73,"column":null}}]},"21":{"loc":{"start":{"line":66,"column":12},"end":{"line":72,"column":null}},"type":"if","locations":[{"start":{"line":66,"column":12},"end":{"line":72,"column":null}},{"start":{"line":66,"column":12},"end":{"line":72,"column":null}}]},"22":{"loc":{"start":{"line":69,"column":16},"end":{"line":71,"column":null}},"type":"if","locations":[{"start":{"line":69,"column":16},"end":{"line":71,"column":null}},{"start":{"line":69,"column":16},"end":{"line":71,"column":null}}]},"23":{"loc":{"start":{"line":216,"column":67},"end":{"line":216,"column":88}},"type":"cond-expr","locations":[{"start":{"line":216,"column":67},"end":{"line":216,"column":88}},{"start":{"line":216,"column":91},"end":{"line":216,"column":119}}]},"24":{"loc":{"start":{"line":217,"column":48},"end":{"line":217,"column":86}},"type":"binary-expr","locations":[{"start":{"line":217,"column":48},"end":{"line":217,"column":86}},{"start":{"line":217,"column":90},"end":{"line":217,"column":135}},{"start":{"line":217,"column":139},"end":{"line":217,"column":170}},{"start":{"line":217,"column":174},"end":{"line":217,"column":208}}]}},"s":{"0":2,"1":2,"2":2,"3":2,"4":2,"5":2,"6":2,"7":2,"8":2,"9":7,"10":7,"11":2,"12":2,"13":2,"14":3,"15":1,"16":1,"17":1,"18":0,"19":0,"20":3,"21":1,"22":1,"23":1,"24":1,"25":1,"26":0,"27":0,"28":1,"29":1,"30":1,"31":1,"32":1,"33":0,"34":7,"35":1,"36":1,"37":0,"38":1,"39":1,"40":1,"41":1,"42":1,"43":0,"44":1,"45":3,"46":1,"47":0,"48":0,"49":7,"50":2,"51":2,"52":2,"53":7,"54":1,"55":1,"56":1,"57":7,"58":19,"59":0,"60":7,"61":7,"62":7,"63":2,"64":5,"65":7,"66":2,"67":7,"68":7,"69":7,"70":7,"71":2,"72":2,"73":19,"74":2,"75":2},"f":{"0":2,"1":7,"2":4,"3":2,"4":3,"5":2,"6":1,"7":19,"8":7,"9":19},"b":{"0":[7,7],"1":[1],"2":[1,1],"3":[2,1],"4":[0,1],"5":[1,1],"6":[1,0],"7":[1,0],"8":[1,0],"9":[1,1],"10":[0],"11":[0,1],"12":[0,1],"13":[1,1],"14":[1,0],"15":[1,1,1],"16":[0,1],"17":[1,1],"18":[0,19],"19":[2,5],"20":[7,0],"21":[7,0],"22":[2,5],"23":[5,14],"24":[19,9,7,5]}}
,"/home/codespace/workspace/microsoft-teams-apps-employeetraining/Source/Microsoft.Teams.Apps.EmployeeTraining/ClientApp/src/components/manage-categories/delete-category.tsx": {"path":"/home/codespace/workspace/microsoft-teams-apps-employeetraining/Source/Microsoft.Teams.Apps.EmployeeTraining/ClientApp/src/components/manage-categories/delete-category.tsx","statementMap":{"0":{"start":{"line":5,"column":0},"end":{"line":5,"column":31}},"1":{"start":{"line":6,"column":0},"end":{"line":6,"column":79}},"2":{"start":{"line":8,"column":0},"end":{"line":8,"column":59}},"3":{"start":{"line":9,"column":0},"end":{"line":9,"column":65}},"4":{"start":{"line":11,"column":0},"end":{"line":11,"column":87}},"5":{"start":{"line":12,"column":0},"end":{"line":12,"column":72}},"6":{"start":{"line":13,"column":0},"end":{"line":13,"column":77}},"7":{"start":{"line":27,"column":0},"end":{"line":27,"column":88}},"8":{"start":{"line":27,"column":29},"end":{"line":27,"column":34}},"9":{"start":{"line":32,"column":8},"end":{"line":32,"column":null}},"10":{"start":{"line":28,"column":13},"end":{"line":28,"column":48}},"11":{"start":{"line":54,"column":4},"end":{"line":74,"column":null}},"12":{"start":{"line":54,"column":26},"end":{"line":74,"column":null}},"13":{"start":{"line":55,"column":8},"end":{"line":55,"column":62}},"14":{"start":{"line":57,"column":12},"end":{"line":59,"column":11}},"15":{"start":{"line":58,"column":12},"end":{"line":58,"column":39}},"16":{"start":{"line":61,"column":23},"end":{"line":61,"column":null}},"17":{"start":{"line":61,"column":12},"end":{"line":61,"column":null}},"18":{"start":{"line":63,"column":8},"end":{"line":73,"column":null}},"19":{"start":{"line":64,"column":12},"end":{"line":69,"column":null}},"20":{"start":{"line":65,"column":16},"end":{"line":65,"column":85}},"21":{"start":{"line":68,"column":16},"end":{"line":68,"column":108}},"22":{"start":{"line":72,"column":12},"end":{"line":72,"column":106}},"23":{"start":{"line":77,"column":4},"end":{"line":118,"column":null}},"24":{"start":{"line":78,"column":8},"end":{"line":117,"column":null}},"25":{"start":{"line":79,"column":47},"end":{"line":85,"column":14}},"26":{"start":{"line":87,"column":23},"end":{"line":107,"column":14}},"27":{"start":{"line":88,"column":16},"end":{"line":106,"column":null}},"28":{"start":{"line":109,"column":12},"end":{"line":116,"column":14}},"29":{"start":{"line":34,"column":8},"end":{"line":34,"column":25}},"30":{"start":{"line":36,"column":8},"end":{"line":39,"column":null}},"31":{"start":{"line":45,"column":4},"end":{"line":51,"column":null}},"32":{"start":{"line":46,"column":8},"end":{"line":50,"column":null}},"33":{"start":{"line":47,"column":12},"end":{"line":49,"column":null}},"34":{"start":{"line":48,"column":16},"end":{"line":48,"column":61}},"35":{"start":{"line":121,"column":4},"end":{"line":137,"column":null}},"36":{"start":{"line":122,"column":8},"end":{"line":136,"column":10}},"37":{"start":{"line":138,"column":0},"end":{"line":138,"column":null}},"38":{"start":{"line":140,"column":0},"end":{"line":140,"column":62}}},"fnMap":{"0":{"name":"(anonymous_26)","decl":{"start":{"line":27,"column":0},"end":{"line":27,"column":29}},"loc":{"start":{"line":27,"column":0},"end":{"line":138,"column":null}}},"1":{"name":"DeleteCategory","decl":{"start":{"line":31,"column":4},"end":{"line":31,"column":16}},"loc":{"start":{"line":31,"column":26},"end":{"line":40,"column":5}}},"2":{"name":"(anonymous_28)","decl":{"start":{"line":54,"column":26},"end":{"line":54,"column":null}},"loc":{"start":{"line":54,"column":26},"end":{"line":74,"column":null}}},"3":{"name":"(anonymous_31)","decl":{"start":{"line":57,"column":60},"end":{"line":57,"column":61}},"loc":{"start":{"line":57,"column":69},"end":{"line":59,"column":9}}},"4":{"name":"(anonymous_32)","decl":{"start":{"line":77,"column":23},"end":{"line":77,"column":null}},"loc":{"start":{"line":77,"column":23},"end":{"line":118,"column":5}}},"5":{"name":"(anonymous_33)","decl":{"start":{"line":87,"column":49},"end":{"line":87,"column":50}},"loc":{"start":{"line":87,"column":84},"end":{"line":107,"column":13}}},"6":{"name":"(anonymous_34)","decl":{"start":{"line":45,"column":4},"end":{"line":45,"column":29}},"loc":{"start":{"line":45,"column":61},"end":{"line":51,"column":5}}},"7":{"name":"(anonymous_35)","decl":{"start":{"line":121,"column":4},"end":{"line":121,"column":10}},"loc":{"start":{"line":121,"column":4},"end":{"line":137,"column":5}}}},"branchMap":{"0":{"loc":{"start":{"line":32,"column":8},"end":{"line":32,"column":20}},"type":"binary-expr","locations":[{"start":{"line":32,"column":8},"end":{"line":32,"column":20}},{"start":{"line":32,"column":20},"end":{"line":32,"column":null}}]},"1":{"loc":{"start":{"line":63,"column":8},"end":{"line":73,"column":null}},"type":"if","locations":[{"start":{"line":63,"column":8},"end":{"line":73,"column":null}},{"start":{"line":63,"column":8},"end":{"line":73,"column":null}}]},"2":{"loc":{"start":{"line":64,"column":12},"end":{"line":69,"column":null}},"type":"if","locations":[{"start":{"line":64,"column":12},"end":{"line":69,"column":null}},{"start":{"line":64,"column":12},"end":{"line":69,"column":null}}]},"3":{"loc":{"start":{"line":78,"column":8},"end":{"line":117,"column":null}},"type":"if","locations":[{"start":{"line":78,"column":8},"end":{"line":117,"column":null}},{"start":{"line":78,"column":8},"end":{"line":117,"column":null}}]},"4":{"loc":{"start":{"line":78,"column":12},"end":{"line":78,"column":33}},"type":"binary-expr","locations":[{"start":{"line":78,"column":12},"end":{"line":78,"column":33}},{"start":{"line":78,"column":37},"end":{"line":78,"column":69}}]},"5":{"loc":{"start":{"line":93,"column":56},"end":{"line":93,"column":154}},"type":"cond-expr","locations":[{"start":{"line":93,"column":56},"end":{"line":93,"column":154}},{"start":{"line":93,"column":157},"end":{"line":93,"column":159}}]},"6":{"loc":{"start":{"line":46,"column":8},"end":{"line":50,"column":null}},"type":"if","locations":[{"start":{"line":46,"column":8},"end":{"line":50,"column":null}},{"start":{"line":46,"column":8},"end":{"line":50,"column":null}}]},"7":{"loc":{"start":{"line":47,"column":12},"end":{"line":49,"column":null}},"type":"if","locations":[{"start":{"line":47,"column":12},"end":{"line":49,"column":null}},{"start":{"line":47,"column":12},"end":{"line":49,"column":null}}]}},"s":{"0":2,"1":2,"2":2,"3":2,"4":2,"5":2,"6":2,"7":2,"8":2,"9":2,"10":2,"11":2,"12":1,"13":1,"14":1,"15":1,"16":1,"17":1,"18":1,"19":1,"20":0,"21":1,"22":0,"23":2,"24":6,"25":6,"26":6,"27":6,"28":6,"29":2,"30":2,"31":2,"32":2,"33":2,"34":2,"35":2,"36":6,"37":2,"38":2},"f":{"0":2,"1":2,"2":2,"3":1,"4":6,"5":6,"6":2,"7":6},"b":{"0":[2,2],"1":[1,0],"2":[0,1],"3":[6,0],"4":[6,6],"5":[0,6],"6":[2,0],"7":[2,0]}}
,"/home/codespace/workspace/microsoft-teams-apps-employeetraining/Source/Microsoft.Teams.Apps.EmployeeTraining/ClientApp/src/components/manage-categories/list-categories.tsx": {"path":"/home/codespace/workspace/microsoft-teams-apps-employeetraining/Source/Microsoft.Teams.Apps.EmployeeTraining/ClientApp/src/components/manage-categories/list-categories.tsx","statementMap":{"0":{"start":{"line":5,"column":0},"end":{"line":5,"column":31}},"1":{"start":{"line":6,"column":0},"end":{"line":6,"column":95}},"2":{"start":{"line":7,"column":0},"end":{"line":7,"column":137}},"3":{"start":{"line":8,"column":0},"end":{"line":8,"column":79}},"4":{"start":{"line":10,"column":0},"end":{"line":10,"column":65}},"5":{"start":{"line":12,"column":0},"end":{"line":12,"column":77}},"6":{"start":{"line":13,"column":0},"end":{"line":13,"column":69}},"7":{"start":{"line":32,"column":0},"end":{"line":32,"column":88}},"8":{"start":{"line":32,"column":29},"end":{"line":32,"column":34}},"9":{"start":{"line":37,"column":8},"end":{"line":37,"column":null}},"10":{"start":{"line":73,"column":4},"end":{"line":88,"column":null}},"11":{"start":{"line":73,"column":46},"end":{"line":88,"column":null}},"12":{"start":{"line":74,"column":23},"end":{"line":74,"column":null}},"13":{"start":{"line":74,"column":12},"end":{"line":74,"column":null}},"14":{"start":{"line":76,"column":8},"end":{"line":87,"column":null}},"15":{"start":{"line":77,"column":16},"end":{"line":77,"column":50}},"16":{"start":{"line":79,"column":12},"end":{"line":81,"column":15}},"17":{"start":{"line":80,"column":16},"end":{"line":80,"column":42}},"18":{"start":{"line":83,"column":12},"end":{"line":83,"column":60}},"19":{"start":{"line":86,"column":12},"end":{"line":86,"column":106}},"20":{"start":{"line":112,"column":4},"end":{"line":136,"column":null}},"21":{"start":{"line":113,"column":8},"end":{"line":135,"column":null}},"22":{"start":{"line":114,"column":26},"end":{"line":114,"column":55}},"23":{"start":{"line":116,"column":12},"end":{"line":129,"column":15}},"24":{"start":{"line":117,"column":16},"end":{"line":128,"column":null}},"25":{"start":{"line":118,"column":20},"end":{"line":118,"column":29}},"26":{"start":{"line":120,"column":21},"end":{"line":128,"column":null}},"27":{"start":{"line":121,"column":20},"end":{"line":121,"column":29}},"28":{"start":{"line":123,"column":21},"end":{"line":128,"column":null}},"29":{"start":{"line":124,"column":20},"end":{"line":124,"column":30}},"30":{"start":{"line":127,"column":20},"end":{"line":127,"column":29}},"31":{"start":{"line":131,"column":12},"end":{"line":131,"column":134}},"32":{"start":{"line":134,"column":12},"end":{"line":134,"column":24}},"33":{"start":{"line":142,"column":4},"end":{"line":159,"column":null}},"34":{"start":{"line":143,"column":22},"end":{"line":143,"column":70}},"35":{"start":{"line":145,"column":8},"end":{"line":158,"column":null}},"36":{"start":{"line":146,"column":12},"end":{"line":146,"column":48}},"37":{"start":{"line":148,"column":37},"end":{"line":151,"column":14}},"38":{"start":{"line":149,"column":16},"end":{"line":150,"column":99}},"39":{"start":{"line":153,"column":12},"end":{"line":153,"column":50}},"40":{"start":{"line":156,"column":12},"end":{"line":156,"column":33}},"41":{"start":{"line":157,"column":12},"end":{"line":157,"column":66}},"42":{"start":{"line":165,"column":4},"end":{"line":173,"column":null}},"43":{"start":{"line":166,"column":8},"end":{"line":172,"column":null}},"44":{"start":{"line":167,"column":40},"end":{"line":167,"column":114}},"45":{"start":{"line":167,"column":94},"end":{"line":167,"column":114}},"46":{"start":{"line":168,"column":12},"end":{"line":168,"column":83}},"47":{"start":{"line":171,"column":12},"end":{"line":171,"column":60}},"48":{"start":{"line":179,"column":4},"end":{"line":182,"column":null}},"49":{"start":{"line":180,"column":8},"end":{"line":180,"column":51}},"50":{"start":{"line":181,"column":8},"end":{"line":181,"column":51}},"51":{"start":{"line":185,"column":4},"end":{"line":197,"column":null}},"52":{"start":{"line":186,"column":8},"end":{"line":196,"column":null}},"53":{"start":{"line":187,"column":26},"end":{"line":187,"column":55}},"54":{"start":{"line":189,"column":12},"end":{"line":191,"column":null}},"55":{"start":{"line":189,"column":25},"end":{"line":189,"column":26}},"56":{"start":{"line":190,"column":16},"end":{"line":190,"column":79}},"57":{"start":{"line":193,"column":12},"end":{"line":195,"column":15}},"58":{"start":{"line":194,"column":16},"end":{"line":194,"column":59}},"59":{"start":{"line":203,"column":4},"end":{"line":205,"column":null}},"60":{"start":{"line":204,"column":8},"end":{"line":204,"column":50}},"61":{"start":{"line":208,"column":4},"end":{"line":212,"column":null}},"62":{"start":{"line":209,"column":8},"end":{"line":211,"column":null}},"63":{"start":{"line":210,"column":12},"end":{"line":210,"column":70}},"64":{"start":{"line":215,"column":4},"end":{"line":231,"column":null}},"65":{"start":{"line":216,"column":8},"end":{"line":230,"column":null}},"66":{"start":{"line":217,"column":12},"end":{"line":229,"column":14}},"67":{"start":{"line":234,"column":4},"end":{"line":311,"column":null}},"68":{"start":{"line":235,"column":8},"end":{"line":241,"column":null}},"69":{"start":{"line":236,"column":12},"end":{"line":240,"column":14}},"70":{"start":{"line":243,"column":25},"end":{"line":243,"column":103}},"71":{"start":{"line":245,"column":8},"end":{"line":310,"column":null}},"72":{"start":{"line":246,"column":47},"end":{"line":253,"column":14}},"73":{"start":{"line":255,"column":23},"end":{"line":275,"column":14}},"74":{"start":{"line":256,"column":16},"end":{"line":274,"column":null}},"75":{"start":{"line":261,"column":173},"end":{"line":261,"column":215}},"76":{"start":{"line":277,"column":12},"end":{"line":282,"column":14}},"77":{"start":{"line":285,"column":12},"end":{"line":309,"column":14}},"78":{"start":{"line":38,"column":8},"end":{"line":38,"column":37}},"79":{"start":{"line":40,"column":8},"end":{"line":40,"column":29}},"80":{"start":{"line":42,"column":8},"end":{"line":51,"column":null}},"81":{"start":{"line":55,"column":4},"end":{"line":57,"column":null}},"82":{"start":{"line":56,"column":8},"end":{"line":56,"column":43}},"83":{"start":{"line":62,"column":4},"end":{"line":68,"column":null}},"84":{"start":{"line":63,"column":8},"end":{"line":67,"column":null}},"85":{"start":{"line":64,"column":12},"end":{"line":66,"column":null}},"86":{"start":{"line":65,"column":16},"end":{"line":65,"column":72}},"87":{"start":{"line":91,"column":4},"end":{"line":110,"column":null}},"88":{"start":{"line":92,"column":35},"end":{"line":92,"column":131}},"89":{"start":{"line":92,"column":94},"end":{"line":92,"column":121}},"90":{"start":{"line":93,"column":28},"end":{"line":93,"column":30}},"91":{"start":{"line":95,"column":38},"end":{"line":95,"column":94}},"92":{"start":{"line":97,"column":8},"end":{"line":109,"column":null}},"93":{"start":{"line":98,"column":12},"end":{"line":99,"column":126}},"94":{"start":{"line":100,"column":12},"end":{"line":100,"column":137}},"95":{"start":{"line":102,"column":13},"end":{"line":109,"column":null}},"96":{"start":{"line":103,"column":12},"end":{"line":104,"column":126}},"97":{"start":{"line":105,"column":12},"end":{"line":105,"column":138}},"98":{"start":{"line":108,"column":12},"end":{"line":108,"column":139}},"99":{"start":{"line":314,"column":4},"end":{"line":333,"column":null}},"100":{"start":{"line":314,"column":4},"end":{"line":314,"column":10}},"101":{"start":{"line":315,"column":8},"end":{"line":332,"column":10}},"102":{"start":{"line":319,"column":166},"end":{"line":319,"column":216}},"103":{"start":{"line":320,"column":206},"end":{"line":320,"column":257}},"104":{"start":{"line":321,"column":176},"end":{"line":321,"column":229}},"105":{"start":{"line":334,"column":0},"end":{"line":334,"column":null}},"106":{"start":{"line":336,"column":0},"end":{"line":336,"column":62}}},"fnMap":{"0":{"name":"(anonymous_27)","decl":{"start":{"line":32,"column":0},"end":{"line":32,"column":29}},"loc":{"start":{"line":32,"column":0},"end":{"line":334,"column":null}}},"1":{"name":"ListCategories","decl":{"start":{"line":36,"column":4},"end":{"line":36,"column":16}},"loc":{"start":{"line":36,"column":26},"end":{"line":52,"column":5}}},"2":{"name":"(anonymous_29)","decl":{"start":{"line":73,"column":25},"end":{"line":73,"column":32}},"loc":{"start":{"line":73,"column":46},"end":{"line":88,"column":null}}},"3":{"name":"(anonymous_30)","decl":{"start":{"line":73,"column":46},"end":{"line":73,"column":null}},"loc":{"start":{"line":73,"column":46},"end":{"line":88,"column":null}}},"4":{"name":"(anonymous_32)","decl":{"start":{"line":79,"column":35},"end":{"line":79,"column":36}},"loc":{"start":{"line":79,"column":55},"end":{"line":81,"column":13}}},"5":{"name":"(anonymous_33)","decl":{"start":{"line":112,"column":39},"end":{"line":112,"column":null}},"loc":{"start":{"line":112,"column":39},"end":{"line":136,"column":5}}},"6":{"name":"(anonymous_34)","decl":{"start":{"line":116,"column":28},"end":{"line":116,"column":29}},"loc":{"start":{"line":116,"column":49},"end":{"line":129,"column":13}}},"7":{"name":"(anonymous_35)","decl":{"start":{"line":142,"column":23},"end":{"line":142,"column":24}},"loc":{"start":{"line":142,"column":42},"end":{"line":159,"column":5}}},"8":{"name":"(anonymous_36)","decl":{"start":{"line":148,"column":55},"end":{"line":148,"column":56}},"loc":{"start":{"line":148,"column":64},"end":{"line":151,"column":13}}},"9":{"name":"(anonymous_37)","decl":{"start":{"line":165,"column":24},"end":{"line":165,"column":25}},"loc":{"start":{"line":165,"column":62},"end":{"line":173,"column":5}}},"10":{"name":"(anonymous_38)","decl":{"start":{"line":167,"column":69},"end":{"line":167,"column":70}},"loc":{"start":{"line":167,"column":89},"end":{"line":167,"column":102}}},"11":{"name":"(anonymous_39)","decl":{"start":{"line":179,"column":30},"end":{"line":179,"column":31}},"loc":{"start":{"line":179,"column":50},"end":{"line":182,"column":5}}},"12":{"name":"(anonymous_40)","decl":{"start":{"line":185,"column":41},"end":{"line":185,"column":null}},"loc":{"start":{"line":185,"column":41},"end":{"line":197,"column":5}}},"13":{"name":"(anonymous_41)","decl":{"start":{"line":193,"column":42},"end":{"line":193,"column":null}},"loc":{"start":{"line":193,"column":42},"end":{"line":195,"column":13}}},"14":{"name":"(anonymous_42)","decl":{"start":{"line":203,"column":26},"end":{"line":203,"column":27}},"loc":{"start":{"line":203,"column":37},"end":{"line":205,"column":5}}},"15":{"name":"(anonymous_43)","decl":{"start":{"line":208,"column":40},"end":{"line":208,"column":null}},"loc":{"start":{"line":208,"column":40},"end":{"line":212,"column":5}}},"16":{"name":"(anonymous_44)","decl":{"start":{"line":215,"column":19},"end":{"line":215,"column":null}},"loc":{"start":{"line":215,"column":19},"end":{"line":231,"column":5}}},"17":{"name":"(anonymous_45)","decl":{"start":{"line":234,"colu
[...]
":{"start":{"line":121,"column":19},"end":{"line":121,"column":null}},"92":{"start":{"line":121,"column":8},"end":{"line":121,"column":null}},"93":{"start":{"line":123,"column":4},"end":{"line":128,"column":null}},"94":{"start":{"line":124,"column":8},"end":{"line":124,"column":20}},"95":{"start":{"line":127,"column":8},"end":{"line":127,"column":21}},"96":{"start":{"line":131,"column":13},"end":{"line":156,"column":null}},"97":{"start":{"line":131,"column":93},"end":{"line":156,"column":null}},"98":{"start":{"line":132,"column":8},"end":{"line":132,"column":51}},"99":{"start":{"line":134,"column":4},"end":{"line":134,"column":75}},"100":{"start":{"line":135,"column":4},"end":{"line":135,"column":71}},"101":{"start":{"line":136,"column":4},"end":{"line":136,"column":75}},"102":{"start":{"line":137,"column":4},"end":{"line":137,"column":71}},"103":{"start":{"line":138,"column":4},"end":{"line":138,"column":97}},"104":{"start":{"line":140,"column":8},"end":{"line":140,"column":22}},"105":{"start":{"line":141,"column":23},"end":{"line":141,"column":null}},"106":{"start":{"line":141,"column":12},"end":{"line":141,"column":null}},"107":{"start":{"line":143,"column":8},"end":{"line":145,"column":null}},"108":{"start":{"line":144,"column":12},"end":{"line":144,"column":24}},"109":{"start":{"line":146,"column":8},"end":{"line":146,"column":21}},"110":{"start":{"line":149,"column":23},"end":{"line":149,"column":null}},"111":{"start":{"line":149,"column":12},"end":{"line":149,"column":null}},"112":{"start":{"line":151,"column":8},"end":{"line":153,"column":null}},"113":{"start":{"line":152,"column":12},"end":{"line":152,"column":24}},"114":{"start":{"line":154,"column":8},"end":{"line":154,"column":21}},"115":{"start":{"line":165,"column":13},"end":{"line":173,"column":null}},"116":{"start":{"line":166,"column":4},"end":{"line":166,"column":33}},"117":{"start":{"line":167,"column":4},"end":{"line":167,"column":49}},"118":{"start":{"line":168,"column":19},"end":{"line":168,"column":54}},"119":{"start":{"line":169,"column":25},"end":{"line":169,"column":70}},"120":{"start":{"line":170,"column":23},"end":{"line":170,"column":66}},"121":{"start":{"line":172,"column":4},"end":{"line":172,"column":62}}},"fnMap":{"0":{"name":"(anonymous_17)","decl":{"start":{"line":9,"column":37},"end":{"line":9,"column":44}},"loc":{"start":{"line":9,"column":93},"end":{"line":95,"column":null}}},"1":{"name":"(anonymous_18)","decl":{"start":{"line":9,"column":93},"end":{"line":9,"column":null}},"loc":{"start":{"line":9,"column":93},"end":{"line":95,"column":null}}},"2":{"name":"(anonymous_20)","decl":{"start":{"line":20,"column":48},"end":{"line":20,"column":49}},"loc":{"start":{"line":20,"column":55},"end":{"line":20,"column":80}}},"3":{"name":"(anonymous_22)","decl":{"start":{"line":48,"column":47},"end":{"line":48,"column":48}},"loc":{"start":{"line":48,"column":63},"end":{"line":48,"column":83}}},"4":{"name":"(anonymous_24)","decl":{"start":{"line":58,"column":48},"end":{"line":58,"column":49}},"loc":{"start":{"line":58,"column":64},"end":{"line":58,"column":84}}},"5":{"name":"(anonymous_26)","decl":{"start":{"line":70,"column":46},"end":{"line":70,"column":47}},"loc":{"start":{"line":70,"column":59},"end":{"line":70,"column":76}}},"6":{"name":"(anonymous_28)","decl":{"start":{"line":79,"column":47},"end":{"line":79,"column":48}},"loc":{"start":{"line":79,"column":61},"end":{"line":79,"column":79}}},"7":{"name":"(anonymous_29)","decl":{"start":{"line":97,"column":27},"end":{"line":97,"column":34}},"loc":{"start":{"line":97,"column":83},"end":{"line":112,"column":null}}},"8":{"name":"(anonymous_30)","decl":{"start":{"line":97,"column":83},"end":{"line":97,"column":null}},"loc":{"start":{"line":97,"column":83},"end":{"line":112,"column":null}}},"9":{"name":"(anonymous_32)","decl":{"start":{"line":114,"column":34},"end":{"line":114,"column":41}},"loc":{"start":{"line":114,"column":90},"end":{"line":129,"column":null}}},"10":{"name":"(anonymous_33)","decl":{"start":{"line":114,"column":90},"end":{"line":114,"column":null}},"loc":{"start":{"line":114,"column":90},"end":{"line":129,"column":null}}},"11":{"name":"(anonymous_35)","decl":{"start":{"line":131,"column":37},"end":{"line":131,"column":44}},"loc":{"start":{"line":131,"column":93},"end":{"line":156,"column":null}}},"12":{"name":"(anonymous_36)","decl":{"start":{"line":131,"column":93},"end":{"line":131,"column":null}},"loc":{"start":{"line":131,"column":93},"end":{"line":156,"column":null}}},"13":{"name":"(anonymous_38)","decl":{"start":{"line":165,"column":44},"end":{"line":165,"column":45}},"loc":{"start":{"line":165,"column":92},"end":{"line":173,"column":1}}}},"branchMap":{"0":{"loc":{"start":{"line":15,"column":20},"end":{"line":15,"column":55}},"type":"if","locations":[{"start":{"line":15,"column":20},"end":{"line":15,"column":55}},{"start":{"line":15,"column":20},"end":{"line":15,"column":55}}]},"1":{"loc":{"start":{"line":17,"column":12},"end":{"line":17,"column":23}},"type":"if","locations":[{"start":{"line":17,"column":12},"end":{"line":17,"column":23}},{"start":{"line":17,"column":12},"end":{"line":17,"column":23}}]},"2":{"loc":{"start":{"line":19,"column":12},"end":{"line":27,"column":null}},"type":"if","locations":[{"start":{"line":19,"column":12},"end":{"line":27,"column":null}},{"start":{"line":19,"column":12},"end":{"line":27,"column":null}}]},"3":{"loc":{"start":{"line":21,"column":16},"end":{"line":26,"column":null}},"type":"if","locations":[{"start":{"line":21,"column":16},"end":{"line":26,"column":null}},{"start":{"line":21,"column":16},"end":{"line":26,"column":null}}]},"4":{"loc":{"start":{"line":30,"column":12},"end":{"line":35,"column":null}},"type":"if","locations":[{"start":{"line":30,"column":12},"end":{"line":35,"column":null}},{"start":{"line":30,"column":12},"end":{"line":35,"column":null}}]},"5":{"loc":{"start":{"line":49,"column":8},"end":{"line":51,"column":null}},"type":"if","locations":[{"start":{"line":49,"column":8},"end":{"line":51,"column":null}},{"start":{"line":49,"column":8},"end":{"line":51,"column":null}}]},"6":{"loc":{"start":{"line":59,"column":8},"end":{"line":61,"column":null}},"type":"if","locations":[{"start":{"line":59,"column":8},"end":{"line":61,"column":null}},{"start":{"line":59,"column":8},"end":{"line":61,"column":null}}]},"7":{"loc":{"start":{"line":71,"column":8},"end":{"line":73,"column":null}},"type":"if","locations":[{"start":{"line":71,"column":8},"end":{"line":73,"column":null}},{"start":{"line":71,"column":8},"end":{"line":73,"column":null}}]},"8":{"loc":{"start":{"line":80,"column":8},"end":{"line":82,"column":null}},"type":"if","locations":[{"start":{"line":80,"column":8},"end":{"line":82,"column":null}},{"start":{"line":80,"column":8},"end":{"line":82,"column":null}}]},"9":{"loc":{"start":{"line":106,"column":4},"end":{"line":111,"column":null}},"type":"if","locations":[{"start":{"line":106,"column":4},"end":{"line":111,"column":null}},{"start":{"line":106,"column":4},"end":{"line":111,"column":null}}]},"10":{"loc":{"start":{"line":123,"column":4},"end":{"line":128,"column":null}},"type":"if","locations":[{"start":{"line":123,"column":4},"end":{"line":128,"column":null}},{"start":{"line":123,"column":4},"end":{"line":128,"column":null}}]},"11":{"loc":{"start":{"line":149,"column":23},"end":{"line":149,"column":null}},"type":"switch","locations":[{"start":{"line":149,"column":23},"end":{"line":149,"column":null}}]},"12":{"loc":{"start":{"line":140,"column":8},"end":{"line":140,"column":22}},"type":"if","locations":[{"start":{"line":140,"column":8},"end":{"line":140,"column":22}},{"start":{"line":140,"column":8},"end":{"line":140,"column":22}}]},"13":{"loc":{"start":{"line":143,"column":8},"end":{"line":145,"column":null}},"type":"if","locations":[{"start":{"line":143,"column":8},"end":{"line":145,"column":null}},{"start":{"line":143,"column":8},"end":{"line":145,"column":null}}]},"14":{"loc":{"start":{"line":151,"column":8},"end":{"line":153,"column":null}},"type":"if","locations":[{"start":{"line":151,"column":8},"end":{"line":153,"column":null}},{"start":{"line":151,"column":8},"end":{"line":153,"column":null}}]}},"s":{"0":2,"1":2,"2":2,"3":2,"4":2,"5":2,"6":0,"7":0,"8":0,"9":0,"10":0,"11":0,"12":0,"13":0,"14":0,"15":0,"16":0,"17":0,"18":0,"19":0,"20":0,"21":0,"22":0,"23":0,"24":0,"25":0,"26":0,"27":0,"28":0,"29":0,"30":0,"31":0,"32":0,"33":0,"34":0,"35":0,"36":0,"37":0,"38":0,"39":0,"40":0,"41":0,"42":0,"43":0,"44":0,"45":0,"46":0,"47":0,"48":0,"49":0,"50":0,"51":0,"52":0,"53":0,"54":0,"55":0,"56":0,"57":0,"58":0,"59":0,"60":0,"61":0,"62":0,"63":0,"64":0,"65":0,"66":0,"67":0,"68":0,"69":0,"70":2,"71":0,"72":0,"73":0,"74":0,"75":0,"76":0,"77":0,"78":0,"79":0,"80":0,"81":0,"82":0,"83":2,"84":0,"85":0,"86":0,"87":0,"88":0,"89":0,"90":0,"91":0,"92":0,"93":0,"94":0,"95":0,"96":2,"97":0,"98":0,"99":0,"100":0,"101":0,"102":0,"103":0,"104":0,"105":0,"106":0,"107":0,"108":0,"109":0,"110":0,"111":0,"112":0,"113":0,"114":0,"115":2,"116":0,"117":0,"118":0,"119":0,"120":0,"121":0},"f":{"0":0,"1":0,"2":0,"3":0,"4":0,"5":0,"6":0,"7":0,"8":0,"9":0,"10":0,"11":0,"12":0,"13":0},"b":{"0":[0,0],"1":[0,0],"2":[0,0],"3":[0,0],"4":[0,0],"5":[0,0],"6":[0,0],"7":[0,0],"8":[0,0],"9":[0,0],"10":[0,0],"11":[0],"12":[0,0],"13":[0,0],"14":[0,0]}}
,"/home/codespace/workspace/microsoft-teams-apps-employeetraining/Source/Microsoft.Teams.Apps.EmployeeTraining/ClientApp/src/helpers/localized-constants.ts": {"path":"/home/codespace/workspace/microsoft-teams-apps-employeetraining/Source/Microsoft.Teams.Apps.EmployeeTraining/ClientApp/src/helpers/localized-constants.ts","statementMap":{"0":{"start":{"line":5,"column":0},"end":{"line":5,"column":57}},"1":{"start":{"line":6,"column":0},"end":{"line":6,"column":49}},"2":{"start":{"line":8,"column":0},"end":{"line":8,"column":47}},"3":{"start":{"line":11,"column":0},"end":{"line":11,"column":43}},"4":{"start":{"line":17,"column":13},"end":{"line":32,"column":null}},"5":{"start":{"line":18,"column":4},"end":{"line":31,"column":7}},"6":{"start":{"line":19,"column":8},"end":{"line":30,"column":null}},"7":{"start":{"line":21,"column":16},"end":{"line":21,"column":56}},"8":{"start":{"line":22,"column":16},"end":{"line":22,"column":29}},"9":{"start":{"line":25,"column":16},"end":{"line":25,"column":57}},"10":{"start":{"line":26,"column":16},"end":{"line":26,"column":29}},"11":{"start":{"line":29,"column":16},"end":{"line":29,"column":29}},"12":{"start":{"line":38,"column":13},"end":{"line":57,"column":null}},"13":{"start":{"line":39,"column":4},"end":{"line":56,"column":7}},"14":{"start":{"line":40,"column":8},"end":{"line":55,"column":null}},"15":{"start":{"line":42,"column":16},"end":{"line":42,"column":55}},"16":{"start":{"line":43,"column":16},"end":{"line":43,"column":29}},"17":{"start":{"line":46,"column":16},"end":{"line":46,"column":52}},"18":{"start":{"line":47,"column":16},"end":{"line":47,"column":29}},"19":{"start":{"line":50,"column":16},"end":{"line":50,"column":51}},"20":{"start":{"line":51,"column":16},"end":{"line":51,"column":29}},"21":{"start":{"line":54,"column":16},"end":{"line":54,"column":29}},"22":{"start":{"line":63,"column":13},"end":{"line":78,"column":null}},"23":{"start":{"line":64,"column":4},"end":{"line":77,"column":7}},"24":{"start":{"line":65,"column":8},"end":{"line":76,"column":null}},"25":{"start":{"line":67,"column":16},"end":{"line":67,"column":54}},"26":{"start":{"line":68,"column":16},"end":{"line":68,"column":29}},"27":{"start":{"line":71,"column":16},"end":{"line":71,"column":58}},"28":{"start":{"line":72,"column":16},"end":{"line":72,"column":29}},"29":{"start":{"line":75,"column":16},"end":{"line":75,"column":29}}},"fnMap":{"0":{"name":"(anonymous_1)","decl":{"start":{"line":17,"column":41},"end":{"line":17,"column":42}},"loc":{"start":{"line":17,"column":61},"end":{"line":32,"column":1}}},"1":{"name":"(anonymous_2)","decl":{"start":{"line":18,"column":38},"end":{"line":18,"column":39}},"loc":{"start":{"line":18,"column":67},"end":{"line":31,"column":5}}},"2":{"name":"(anonymous_3)","decl":{"start":{"line":38,"column":38},"end":{"line":38,"column":39}},"loc":{"start":{"line":38,"column":58},"end":{"line":57,"column":1}}},"3":{"name":"(anonymous_4)","decl":{"start":{"line":39,"column":35},"end":{"line":39,"column":36}},"loc":{"start":{"line":39,"column":64},"end":{"line":56,"column":5}}},"4":{"name":"(anonymous_5)","decl":{"start":{"line":63,"column":34},"end":{"line":63,"column":35}},"loc":{"start":{"line":63,"column":54},"end":{"line":78,"column":1}}},"5":{"name":"(anonymous_6)","decl":{"start":{"line":64,"column":32},"end":{"line":64,"column":33}},"loc":{"start":{"line":64,"column":49},"end":{"line":77,"column":5}}}},"branchMap":{"0":{"loc":{"start":{"line":20,"column":12},"end":{"line":22,"column":29}},"type":"switch","locations":[{"start":{"line":20,"column":12},"end":{"line":22,"column":29}},{"start":{"line":24,"column":12},"end":{"line":26,"column":29}},{"start":{"line":28,"column":12},"end":{"line":29,"column":29}}]},"1":{"loc":{"start":{"line":41,"column":12},"end":{"line":43,"column":29}},"type":"switch","locations":[{"start":{"line":41,"column":12},"end":{"line":43,"column":29}},{"start":{"line":45,"column":12},"end":{"line":47,"column":29}},{"start":{"line":49,"column":12},"end":{"line":51,"column":29}},{"start":{"line":53,"column":12},"end":{"line":54,"column":29}}]},"2":{"loc":{"start":{"line":66,"column":12},"end":{"line":68,"column":29}},"type":"switch","locations":[{"start":{"line":66,"column":12},"end":{"line":68,"column":29}},{"start":{"line":70,"column":12},"end":{"line":72,"column":29}},{"start":{"line":74,"column":12},"end":{"line":75,"column":29}}]}},"s":{"0":1,"1":1,"2":1,"3":1,"4":1,"5":5,"6":10,"7":5,"8":5,"9":5,"10":5,"11":0,"12":1,"13":0,"14":0,"15":0,"16":0,"17":0,"18":0,"19":0,"20":0,"21":0,"22":1,"23":0,"24":0,"25":0,"26":0,"27":0,"28":0,"29":0},"f":{"0":5,"1":10,"2":0,"3":0,"4":0,"5":0},"b":{"0":[5,5,0],"1":[0,0,0,0],"2":[0,0,0]}}
,"/home/codespace/workspace/microsoft-teams-apps-employeetraining/Source/Microsoft.Teams.Apps.EmployeeTraining/ClientApp/src/models/event-audience.ts": {"path":"/home/codespace/workspace/microsoft-teams-apps-employeetraining/Source/Microsoft.Teams.Apps.EmployeeTraining/ClientApp/src/models/event-audience.ts","statementMap":{"0":{"start":{"line":5,"column":0},"end":{"line":5,"column":null}},"1":{"start":{"line":7,"column":4},"end":{"line":7,"column":null}},"2":{"start":{"line":10,"column":4},"end":{"line":10,"column":null}},"3":{"start":{"line":13,"column":4},"end":{"line":13,"column":null}}},"fnMap":{"0":{"name":"(anonymous_0)","decl":{"start":{"line":5,"column":0},"end":{"line":5,"column":12}},"loc":{"start":{"line":5,"column":25},"end":{"line":14,"column":1}}}},"branchMap":{"0":{"loc":{"start":{"line":5,"column":12},"end":{"line":5,"column":25}},"type":"binary-expr","locations":[{"start":{"line":5,"column":12},"end":{"line":5,"column":25}},{"start":{"line":5,"column":12},"end":{"line":5,"column":null}}]}},"s":{"0":2,"1":2,"2":2,"3":2},"f":{"0":2},"b":{"0":[2,2]}}
,"/home/codespace/workspace/microsoft-teams-apps-employeetraining/Source/Microsoft.Teams.Apps.EmployeeTraining/ClientApp/src/models/event-type.ts": {"path":"/home/codespace/workspace/microsoft-teams-apps-employeetraining/Source/Microsoft.Teams.Apps.EmployeeTraining/ClientApp/src/models/event-type.ts","statementMap":{"0":{"start":{"line":5,"column":0},"end":{"line":5,"column":null}},"1":{"start":{"line":7,"column":4},"end":{"line":7,"column":null}},"2":{"start":{"line":10,"column":4},"end":{"line":10,"column":null}},"3":{"start":{"line":13,"column":4},"end":{"line":13,"column":null}},"4":{"start":{"line":16,"column":4},"end":{"line":16,"column":null}}},"fnMap":{"0":{"name":"(anonymous_0)","decl":{"start":{"line":5,"column":0},"end":{"line":5,"column":12}},"loc":{"start":{"line":5,"column":21},"end":{"line":17,"column":1}}}},"branchMap":{"0":{"loc":{"start":{"line":5,"column":12},"end":{"line":5,"column":21}},"type":"binary-expr","locations":[{"start":{"line":5,"column":12},"end":{"line":5,"column":21}},{"start":{"line":5,"column":12},"end":{"line":5,"column":null}}]}},"s":{"0":2,"1":2,"2":2,"3":2,"4":2},"f":{"0":2},"b":{"0":[2,2]}}
,"/home/codespace/workspace/microsoft-teams-apps-employeetraining/Source/Microsoft.Teams.Apps.EmployeeTraining/ClientApp/src/models/sort-by.ts": {"path":"/home/codespace/workspace/microsoft-teams-apps-employeetraining/Source/Microsoft.Teams.Apps.EmployeeTraining/ClientApp/src/models/sort-by.ts","statementMap":{"0":{"start":{"line":6,"column":0},"end":{"line":6,"column":null}},"1":{"start":{"line":8,"column":4},"end":{"line":8,"column":null}},"2":{"start":{"line":11,"column":4},"end":{"line":11,"column":null}}},"fnMap":{"0":{"name":"(anonymous_0)","decl":{"start":{"line":6,"column":0},"end":{"line":6,"column":12}},"loc":{"start":{"line":6,"column":18},"end":{"line":12,"column":1}}}},"branchMap":{"0":{"loc":{"start":{"line":6,"column":12},"end":{"line":6,"column":18}},"type":"binary-expr","locations":[{"start":{"line":6,"column":12},"end":{"line":6,"column":18}},{"start":{"line":6,"column":12},"end":{"line":6,"column":null}}]}},"s":{"0":1,"1":1,"2":1},"f":{"0":1},"b":{"0":[1,1]}}
,"/home/codespace/workspace/microsoft-teams-apps-employeetraining/Source/Microsoft.Teams.Apps.EmployeeTraining/ClientApp/src/providers/context-provider.tsx": {"path":"/home/codespace/workspace/microsoft-teams-apps-employeetraining/Source/Microsoft.Teams.Apps.EmployeeTraining/ClientApp/src/providers/context-provider.tsx","statementMap":{"0":{"start":{"line":4,"column":0},"end":{"line":4,"column":54}},"1":{"start":{"line":5,"column":0},"end":{"line":5,"column":41}},"2":{"start":{"line":13,"column":4},"end":{"line":13,"column":53}},"3":{"start":{"line":13,"column":25},"end":{"line":13,"column":34}},"4":{"start":{"line":15,"column":12},"end":{"line":15,"column":null}},"5":{"start":{"line":16,"column":12},"end":{"line":19,"column":14}},"6":{"start":{"line":22,"column":8},"end":{"line":27,"column":null}},"7":{"start":{"line":22,"column":8},"end":{"line":22,"column":25}},"8":{"start":{"line":23,"column":12},"end":{"line":23,"column":40}},"9":{"start":{"line":24,"column":12},"end":{"line":26,"column":15}},"10":{"start":{"line":25,"column":16},"end":{"line":25,"column":57}},"11":{"start":{"line":30,"column":8},"end":{"line":34,"column":null}},"12":{"start":{"line":31,"column":12},"end":{"line":33,"column":14}},"13":{"start":{"line":35,"column":4},"end":{"line":35,"column":null}},"14":{"start":{"line":12,"column":0},"end":{"line":12,"column":24}}},"fnMap":{"0":{"name":"withContext","decl":{"start":{"line":12,"column":24},"end":{"line":12,"column":35}},"loc":{"start":{"line":12,"column":57},"end":{"line":36,"column":1}}},"1":{"name":"(anonymous_15)","decl":{"start":{"line":13,"column":4},"end":{"line":13,"column":11}},"loc":{"start":{"line":13,"column":4},"end":{"line":35,"column":null}}},"2":{"name":"class_1","decl":{"start":{"line":14,"column":8},"end":{"line":14,"column":20}},"loc":{"start":{"line":14,"column":29},"end":{"line":20,"column":9}}},"3":{"name":"(anonymous_17)","decl":{"start":{"line":22,"column":8},"end":{"line":22,"column":25}},"loc":{"start":{"line":22,"column":8},"end":{"line":27,"column":9}}},"4":{"name":"(anonymous_18)","decl":{"start":{"line":24,"column":38},"end":{"line":24,"column":39}},"loc":{"start":{"line":24,"column":70},"end":{"line":26,"column":13}}},"5":{"name":"(anonymous_19)","decl":{"start":{"line":30,"column":8},"end":{"line":30,"column":14}},"loc":{"start":{"line":30,"column":8},"end":{"line":34,"column":9}}}},"branchMap":{"0":{"loc":{"start":{"line":15,"column":12},"end":{"line":15,"column":24}},"type":"binary-expr","locations":[{"start":{"line":15,"column":12},"end":{"line":15,"column":24}},{"start":{"line":15,"column":24},"end":{"line":15,"column":null}}]}},"s":{"0":5,"1":5,"2":7,"3":7,"4":19,"5":19,"6":7,"7":19,"8":19,"9":19,"10":19,"11":7,"12":39,"13":7,"14":5},"f":{"0":7,"1":7,"2":19,"3":19,"4":19,"5":39},"b":{"0":[19,19]}}
}
