TN:
SF:/home/codespace/workspace/microsoft-teams-apps-employeetraining/Source/Microsoft.Teams.Apps.EmployeeTraining/ClientApp/src/api/test-data/test-data.ts
FN:9,(anonymous_1)
FN:11,(anonymous_3)
FNF:2
FNH:1
FNDA:2,(anonymous_1)
FNDA:0,(anonymous_3)
DA:2,2
DA:3,2
DA:5,2
DA:9,2
DA:11,2
DA:12,0
DA:13,0
DA:14,0
DA:16,0
DA:19,2
DA:63,2
DA:107,2
DA:138,2
LF:13
LH:9
BRF:0
BRH:0
end_of_record
TN:
SF:/home/codespace/workspace/microsoft-teams-apps-employeetraining/Source/Microsoft.Teams.Apps.EmployeeTraining/ClientApp/src/components/common/event-artifacts/audience.tsx
FN:16,(anonymous_6)
FNF:1
FNH:1
FNDA:9,(anonymous_6)
DA:5,1
DA:6,1
DA:7,1
DA:9,1
DA:16,1
DA:17,9
DA:19,9
DA:34,1
LF:8
LH:8
BRDA:23,0,0,0
BRDA:23,0,1,9
BRDA:27,1,0,0
BRDA:27,1,1,9
BRDA:28,2,0,0
BRDA:28,2,1,9
BRF:6
BRH:3
end_of_record
TN:
SF:/home/codespace/workspace/microsoft-teams-apps-employeetraining/Source/Microsoft.Teams.Apps.EmployeeTraining/ClientApp/src/components/common/event-artifacts/live-event.tsx
FN:11,(anonymous_6)
FNF:1
FNH:0
FNDA:0,(anonymous_6)
DA:5,1
DA:6,1
DA:7,1
DA:11,1
DA:12,0
DA:14,0
DA:29,1
LF:7
LH:5
BRF:0
BRH:0
end_of_record
TN:
SF:/home/codespace/workspace/microsoft-teams-apps-employeetraining/Source/Microsoft.Teams.Apps.EmployeeTraining/ClientApp/src/components/common/event-artifacts/teams-meeting.tsx
FN:11,(anonymous_6)
FNF:1
FNH:1
FNDA:9,(anonymous_6)
DA:5,1
DA:6,1
DA:7,1
DA:11,1
DA:12,9
DA:14,9
DA:27,1
LF:7
LH:7
BRF:0
BRH:0
end_of_record
TN:
SF:/home/codespace/workspace/microsoft-teams-apps-employeetraining/Source/Microsoft.Teams.Apps.EmployeeTraining/ClientApp/src/components/common/user-search-dropdown/dropdown-search.tsx
FN:31,(anonymous_20)
FN:41,(anonymous_21)
FN:41,(anonymous_22)
FN:66,(anonymous_24)
FN:74,(anonymous_25)
FN:78,(anonymous_28)
FN:95,(anonymous_29)
FN:98,(anonymous_30)
FN:101,(anonymous_31)
FNF:9
FNH:0
FNDA:0,(anonymous_20)
FNDA:0,(anonymous_21)
FNDA:0,(anonymous_22)
FNDA:0,(anonymous_24)
FNDA:0,(anonymous_25)
FNDA:0,(anonymous_28)
FNDA:0,(anonymous_29)
FNDA:0,(anonymous_30)
FNDA:0,(anonymous_31)
DA:5,1
DA:6,1
DA:7,1
DA:31,1
DA:32,0
DA:33,0
DA:35,0
DA:36,0
DA:37,0
DA:38,0
DA:39,0
DA:41,0
DA:42,0
DA:43,0
DA:44,0
DA:47,0
DA:48,0
DA:49,0
DA:50,0
DA:51,0
DA:52,0
DA:53,0
DA:58,0
DA:59,0
DA:62,0
DA:63,0
DA:66,0
DA:67,0
DA:68,0
DA:70,0
DA:71,0
DA:74,0
DA:77,0
DA:79,0
DA:80,0
DA:81,0
DA:85,0
DA:95,0
DA:96,0
DA:98,0
DA:99,0
DA:101,0
DA:102,0
DA:103,0
DA:104,0
DA:107,0
DA:109,0
DA:120,1
LF:48
LH:5
BRDA:42,0,0,0
BRDA:42,0,1,0
BRDA:42,1,0,0
BRDA:42,1,1,0
BRDA:49,2,0,0
BRDA:49,2,1,0
BRDA:49,3,0,0
BRDA:49,3,1,0
BRDA:52,4,0,0
BRDA:52,4,1,0
BRDA:52,5,0,0
BRDA:52,5,1,0
BRDA:58,6,0,0
BRDA:58,6,1,0
BRDA:67,7,0,0
BRDA:67,7,1,0
BRDA:70,8,0,0
BRDA:70,8,1,0
BRDA:74,9,0,0
BRDA:102,10,0,0
BRDA:102,10,1,0
BRF:21
BRH:0
end_of_record
TN:
SF:/home/codespace/workspace/microsoft-teams-apps-employeetraining/Source/Microsoft.Teams.Apps.EmployeeTraining/ClientApp/src/components/create-event/create-event-step2.tsx
FN:35,(anonymous_29)
FN:39,CreateEventStep2
FN:63,(anonymous_31)
FN:75,(anonymous_32)
FN:88,(anonymous_33)
FN:99,(anonymous_34)
FN:109,(anonymous_35)
FN:112,(anonymous_36)
FN:125,(anonymous_37)
FN:129,(anonymous_38)
FN:170,(anonymous_39)
FN:180,(anonymous_40)
FN:180,(anonymous_41)
FN:190,(anonymous_43)
FN:201,(anonymous_44)
FN:202,(anonymous_45)
FN:211,(anonymous_46)
FN:212,(anonymous_47)
FN:220,(anonymous_48)
FN:240,(anonymous_51)
FN:46,(anonymous_52)
FN:53,(anonymous_53)
FN:55,(anonymous_54)
FN:250,(anonymous_55)
FN:270,(anonymous_56)
FN:271,(anonymous_57)
FN:286,(anonymous_58)
FN:293,(anonymous_59)
FNF:28
FNH:9
FNDA:1,(anonymous_29)
FNDA:5,CreateEventStep2
FNDA:1,(anonymous_31)
FNDA:1,(anonymous_32)
FNDA:0,(anonymous_33)
FNDA:0,(anonymous_34)
FNDA:0,(anonymous_35)
FNDA:0,(anonymous_36)
FNDA:0,(anonymous_37)
FNDA:0,(anonymous_38)
FNDA:0,(anonymous_39)
FNDA:0,(anonymous_40)
FNDA:0,(anonymous_41)
FNDA:0,(anonymous_43)
FNDA:0,(anonymous_44)
FNDA:0,(anonymous_45)
FNDA:0,(anonymous_46)
FNDA:0,(anonymous_47)
FNDA:0,(anonymous_48)
FNDA:0,(anonymous_51)
FNDA:5,(anonymous_52)
FNDA:5,(anonymous_53)
FNDA:5,(anonymous_54)
FNDA:6,(anonymous_55)
FNDA:12,(anonymous_56)
FNDA:0,(anonymous_57)
FNDA:0,(anonymous_58)
FNDA:0,(anonymous_59)
DA:5,1
DA:6,1
DA:7,1
DA:8,1
DA:9,1
DA:10,1
DA:12,1
DA:18,1
DA:19,1
DA:35,1
DA:40,5
DA:41,5
DA:42,5
DA:43,5
DA:44,5
DA:46,5
DA:53,5
DA:54,5
DA:55,5
DA:56,5
DA:63,5
DA:64,1
DA:65,1
DA:66,1
DA:67,1
DA:68,1
DA:69,1
DA:75,5
DA:76,1
DA:77,1
DA:78,1
DA:79,1
DA:80,1
DA:81,1
DA:88,5
DA:89,0
DA:90,0
DA:92,0
DA:99,5
DA:100,0
DA:101,0
DA:103,0
DA:109,5
DA:110,0
DA:112,0
DA:113,0
DA:125,0
DA:129,0
DA:136,0
DA:141,0
DA:169,5
DA:171,0
DA:172,0
DA:180,5
DA:181,0
DA:189,0
DA:190,0
DA:191,0
DA:192,0
DA:193,0
DA:201,5
DA:202,0
DA:211,5
DA:212,0
DA:220,5
DA:221,0
DA:222,0
DA:223,0
DA:224,0
DA:225,0
DA:226,0
DA:228,0
DA:229,0
DA:230,0
DA:233,0
DA:240,5
DA:241,0
DA:242,0
DA:243,0
DA:246,0
DA:250,6
DA:251,6
DA:270,12
DA:271,0
DA:286,0
DA:293,0
DA:312,1
DA:313,1
LF:88
LH:48
BRDA:40,0,0,5
BRDA:40,0,1,5
BRDA:110,1,0,0
BRDA:110,1,1,0
BRDA:110,2,0,0
BRDA:110,2,1,0
BRDA:191,3,0,0
BRDA:191,3,1,0
BRDA:229,4,0,0
BRDA:229,4,1,0
BRDA:46,5,0,0
BRDA:46,5,1,5
BRDA:46,6,0,5
BRDA:46,6,1,5
BRDA:46,7,0,0
BRDA:46,7,1,5
BRDA:46,8,0,5
BRDA:46,8,1,5
BRDA:47,9,0,0
BRDA:47,9,1,5
BRDA:276,10,0,6
BRDA:276,10,1,0
BRDA:306,11,0,6
BRDA:306,11,1,1
BRDA:306,11,2,1
BRDA:306,11,3,6
BRDA:307,12,0,6
BRDA:307,12,1,6
BRDA:307,12,2,0
BRF:29
BRH:16
end_of_record
TN:
SF:/home/codespace/workspace/microsoft-teams-apps-employeetraining/Source/Microsoft.Teams.Apps.EmployeeTraining/ClientApp/src/components/create-event/create-event-step3.tsx
FN:34,(anonymous_29)
FN:37,CreateEventStep3
FN:62,(anonymous_31)
FN:70,(anonymous_34)
FN:75,(anonymous_35)
FN:117,(anonymous_36)
FN:130,(anonymous_37)
FN:144,(anonymous_38)
FN:159,(anonymous_41)
FN:174,(anonymous_44)
FN:187,(anonymous_47)
FN:48,(anonymous_48)
FN:50,(anonymous_49)
FN:199,(anonymous_50)
FNF:14
FNH:9
FNDA:1,(anonymous_29)
FNDA:4,CreateEventStep3
FNDA:0,(anonymous_31)
FNDA:0,(anonymous_34)
FNDA:9,(anonymous_35)
FNDA:9,(anonymous_36)
FNDA:9,(anonymous_37)
FNDA:0,(anonymous_38)
FNDA:0,(anonymous_41)
FNDA:0,(anonymous_44)
FNDA:9,(anonymous_47)
FNDA:4,(anonymous_48)
FNDA:4,(anonymous_49)
FNDA:9,(anonymous_50)
DA:5,1
DA:6,1
DA:7,1
DA:8,1
DA:11,1
DA:13,1
DA:14,1
DA:15,1
DA:16,1
DA:17,1
DA:18,1
DA:19,1
DA:20,1
DA:34,1
DA:38,4
DA:39,4
DA:40,4
DA:41,4
DA:48,4
DA:49,4
DA:50,4
DA:51,4
DA:54,4
DA:55,0
DA:62,4
DA:63,0
DA:64,0
DA:70,4
DA:71,0
DA:75,4
DA:76,9
DA:78,9
DA:80,9
DA:81,9
DA:84,0
DA:85,0
DA:88,0
DA:91,9
DA:93,0
DA:94,0
DA:97,9
DA:98,9
DA:101,0
DA:104,9
DA:117,4
DA:118,9
DA:119,9
DA:120,9
DA:122,9
DA:130,4
DA:131,9
DA:132,0
DA:144,4
DA:145,0
DA:146,0
DA:147,0
DA:148,0
DA:151,0
DA:152,0
DA:159,4
DA:160,0
DA:161,0
DA:162,0
DA:163,0
DA:166,0
DA:167,0
DA:174,4
DA:175,0
DA:176,0
DA:177,0
DA:178,0
DA:181,0
DA:182,0
DA:187,4
DA:188,9
DA:189,0
DA:199,1
DA:200,9
DA:265,1
DA:267,1
LF:80
LH:50
BRDA:38,0,0,4
BRDA:38,0,1,4
BRDA:63,1,0,0
BRDA:79,2,0,9
BRDA:79,2,1,0
BRDA:79,2,2,0
BRDA:78,3,0,0
BRDA:78,3,1,9
BRDA:78,4,0,9
BRDA:78,4,1,9
BRDA:92,5,0,0
BRDA:92,5,1,9
BRDA:92,5,2,0
BRDA:91,6,0,0
BRDA:91,6,1,9
BRDA:91,7,0,9
BRDA:91,7,1,9
BRDA:131,8,0,0
BRDA:131,8,1,9
BRDA:147,9,0,0
BRDA:147,9,1,0
BRDA:162,10,0,0
BRDA:162,10,1,0
BRDA:177,11,0,0
BRDA:177,11,1,0
BRDA:188,12,0,0
BRDA:188,12,1,9
BRDA:54,13,0,0
BRDA:54,13,1,4
BRDA:54,14,0,4
BRDA:54,14,1,0
BRDA:207,15,0,9
BRDA:207,15,1,0
BRDA:207,16,0,9
BRDA:207,16,1,9
BRDA:212,17,0,9
BRDA:212,17,1,0
BRDA:213,18,0,9
BRDA:213,18,1,0
BRDA:251,19,0,9
BRDA:251,19,1,9
BRDA:251,19,2,8
BRDA:252,20,0,8
BRDA:252,20,1,8
BRDA:253,21,0,8
BRDA:253,21,1,8
BRDA:257,22,0,9
BRDA:257,22,1,9
BRDA:257,22,2,1
BRF:49
BRH:29
end_of_record
TN:
SF:/home/codespace/workspace/microsoft-teams-apps-employeetraining/Source/Microsoft.Teams.Apps.EmployeeTraining/ClientApp/src/components/manage-categories/add-update-category.tsx
FN:29,(anonymous_28)
FN:33,AddUpdateCategory
FN:77,(anonymous_30)
FN:125,(anonymous_33)
FN:136,(anonymous_36)
FN:153,(anonymous_37)
FN:164,(anonymous_38)
FN:172,(anonymous_39)
FN:64,(anonymous_40)
FN:183,(anonymous_41)
FNF:10
FNH:10
FNDA:2,(anonymous_28)
FNDA:7,AddUpdateCategory
FNDA:4,(anonymous_30)
FNDA:2,(anonymous_33)
FNDA:3,(anonymous_36)
FNDA:2,(anonymous_37)
FNDA:1,(anonymous_38)
FNDA:19,(anonymous_39)
FNDA:7,(anonymous_40)
FNDA:19,(anonymous_41)
DA:5,2
DA:6,2
DA:8,2
DA:9,2
DA:10,2
DA:12,2
DA:13,2
DA:29,2
DA:34,7
DA:35,7
DA:36,7
DA:40,7
DA:41,2
DA:44,5
DA:53,7
DA:64,2
DA:65,7
DA:66,7
DA:67,7
DA:69,7
DA:70,2
DA:77,7
DA:78,2
DA:80,2
DA:85,3
DA:86,1
DA:88,1
DA:89,0
DA:90,0
DA:96,3
DA:97,1
DA:99,1
DA:100,1
DA:101,1
DA:104,0
DA:108,0
DA:112,1
DA:114,1
DA:115,1
DA:116,1
DA:119,0
DA:125,7
DA:126,1
DA:127,1
DA:129,1
DA:130,1
DA:132,1
DA:133,0
DA:136,3
DA:138,1
DA:141,0
DA:145,0
DA:153,7
DA:154,2
DA:155,2
DA:157,2
DA:164,7
DA:165,1
DA:166,1
DA:168,1
DA:172,7
DA:173,19
DA:174,0
DA:183,2
DA:184,19
DA:227,2
DA:229,2
LF:67
LH:58
BRDA:34,0,0,7
BRDA:34,0,1,7
BRDA:112,1,0,1
BRDA:85,2,0,1
BRDA:85,2,1,1
BRDA:85,3,0,2
BRDA:85,3,1,1
BRDA:88,4,0,0
BRDA:88,4,1,1
BRDA:96,5,0,1
BRDA:96,5,1,1
BRDA:99,6,0,1
BRDA:99,6,1,0
BRDA:100,7,0,1
BRDA:100,7,1,0
BRDA:114,8,0,1
BRDA:114,8,1,0
BRDA:114,9,0,1
BRDA:114,9,1,1
BRDA:145,10,0,0
BRDA:126,11,0,0
BRDA:126,11,1,1
BRDA:126,12,0,0
BRDA:126,12,1,1
BRDA:126,13,0,1
BRDA:126,13,1,1
BRDA:129,14,0,1
BRDA:129,14,1,0
BRDA:129,15,0,1
BRDA:129,15,1,1
BRDA:129,15,2,1
BRDA:132,16,0,0
BRDA:132,16,1,1
BRDA:132,17,0,1
BRDA:132,17,1,1
BRDA:173,18,0,0
BRDA:173,18,1,19
BRDA:40,19,0,2
BRDA:40,19,1,5
BRDA:65,20,0,7
BRDA:65,20,1,0
BRDA:66,21,0,7
BRDA:66,21,1,0
BRDA:69,22,0,2
BRDA:69,22,1,5
BRDA:216,23,0,5
BRDA:216,23,1,14
BRDA:217,24,0,19
BRDA:217,24,1,9
BRDA:217,24,2,7
BRDA:217,24,3,5
BRF:51
BRH:39
end_of_record
TN:
SF:/home/codespace/workspace/microsoft-teams-apps-employeetraining/Source/Microsoft.Teams.Apps.EmployeeTraining/ClientApp/src/components/manage-categories/delete-category.tsx
FN:27,(anonymous_26)
FN:31,DeleteCategory
FN:54,(anonymous_28)
FN:57,(anonymous_31)
FN:77,(anonymous_32)
FN:87,(anonymous_33)
FN:45,(anonymous_34)
FN:121,(anonymous_35)
FNF:8
FNH:8
FNDA:2,(anonymous_26)
FNDA:2,DeleteCategory
FNDA:2,(anonymous_28)
FNDA:1,(anonymous_31)
FNDA:6,(anonymous_32)
FNDA:6,(anonymous_33)
FNDA:2,(anonymous_34)
FNDA:6,(anonymous_35)
DA:5,2
DA:6,2
DA:8,2
DA:9,2
DA:11,2
DA:12,2
DA:13,2
DA:27,2
DA:28,2
DA:32,2
DA:34,2
DA:36,2
DA:45,2
DA:46,2
DA:47,2
DA:48,2
DA:54,2
DA:55,1
DA:57,1
DA:58,1
DA:61,1
DA:63,1
DA:64,1
DA:65,0
DA:68,1
DA:72,0
DA:77,2
DA:78,6
DA:79,6
DA:87,6
DA:88,6
DA:109,6
DA:121,2
DA:122,6
DA:138,2
DA:140,2
LF:36
LH:34
BRDA:32,0,0,2
BRDA:32,0,1,2
BRDA:63,1,0,1
BRDA:63,1,1,0
BRDA:64,2,0,0
BRDA:64,2,1,1
BRDA:78,3,0,6
BRDA:78,3,1,0
BRDA:78,4,0,6
BRDA:78,4,1,6
BRDA:93,5,0,0
BRDA:93,5,1,6
BRDA:46,6,0,2
BRDA:46,6,1,0
BRDA:47,7,0,2
BRDA:47,7,1,0
BRF:16
BRH:10
end_of_record
TN:
SF:/home/codespace/workspace/microsoft-teams-apps-employeetraining/Source/Microsoft.Teams.Apps.EmployeeTraining/ClientApp/src/components/manage-categories/list-categories.tsx
FN:32,(anonymous_27)
FN:36,ListCategories
FN:73,(anonymous_29)
FN:73,(anonymous_30)
FN:79,(anonymous_32)
FN:112,(anonymous_33)
FN:116,(anonymous_34)
FN:142,(anonymous_35)
FN:148,(anonymous_36)
FN:165,(anonymous_37)
FN:167,(anonymous_38)
FN:179,(anonymous_39)
FN:185,(anonymous_40)
FN:193,(anonymous_41)
FN:203,(anonymous_42)
FN:208,(anonymous_43)
FN:215,(anonymous_44)
FN:234,(anonymous_45)
FN:255,(anonymous_46)
FN:261,(anonymous_47)
FN:55,(anonymous_48)
FN:62,(anonymous_49)
FN:91,(anonymous_50)
FN:92,(anonymous_51)
FN:314,(anonymous_52)
FN:319,(anonymous_53)
FN:320,(anonymous_54)
FN:321,(anonymous_55)
FNF:28
FNH:28
FNDA:2,(anonymous_27)
FNDA:6,ListCategories
FNDA:6,(anonymous_29)
FNDA:6,(anonymous_30)
FNDA:18,(anonymous_32)
FNDA:8,(anonymous_33)
FNDA:12,(anonymous_34)
FNDA:1,(anonymous_35)
FNDA:3,(anonymous_36)
FNDA:3,(anonymous_37)
FNDA:6,(anonymous_38)
FNDA:2,(anonymous_39)
FNDA:1,(anonymous_40)
FNDA:1,(anonymous_41)
FNDA:1,(anonymous_42)
FNDA:8,(anonymous_43)
FNDA:23,(anonymous_44)
FNDA:23,(anonymous_45)
FNDA:31,(anonymous_46)
FNDA:2,(anonymous_47)
FNDA:6,(anonymous_48)
FNDA:6,(anonymous_49)
FNDA:3,(anonymous_50)
FNDA:9,(anonymous_51)
FNDA:23,(anonymous_52)
FNDA:1,(anonymous_53)
FNDA:1,(anonymous_54)
FNDA:1,(anonymous_55)
DA:5,2
DA:6,2
DA:7,2
DA:8,2
DA:10,2
DA:12,2
DA:13,2
DA:32,2
DA:37,6
DA:38,6
DA:40,6
DA:42,6
DA:55,2
DA:56,6
DA:62,2
DA:63,6
DA:64,6
DA:65,6
DA:73,6
DA:74,6
DA:76,6
DA:77,6
DA:79,6
DA:80,18
DA:83,6
DA:86,0
DA:91,2
DA:92,9
DA:93,3
DA:95,3
DA:97,3
DA:98,2
DA:100,2
DA:102,1
DA:103,1
DA:105,1
DA:108,0
DA:112,6
DA:113,8
DA:114,6
DA:116,6
DA:117,12
DA:118,12
DA:120,0
DA:121,0
DA:123,0
DA:124,0
DA:127,0
DA:131,6
DA:134,2
DA:142,6
DA:143,1
DA:145,1
DA:146,1
DA:148,1
DA:149,3
DA:153,1
DA:156,0
DA:157,0
DA:165,6
DA:166,3
DA:167,6
DA:168,2
DA:171,1
DA:179,6
DA:180,2
DA:181,2
DA:185,6
DA:186,1
DA:187,1
DA:189,1
DA:190,3
DA:193,1
DA:194,1
DA:203,6
DA:204,1
DA:208,6
DA:209,8
DA:210,4
DA:215,6
DA:216,23
DA:217,8
DA:234,6
DA:235,23
DA:236,6
DA:243,17
DA:245,17
DA:246,11
DA:255,11
DA:256,31
DA:261,2
DA:277,11
DA:285,6
DA:314,23
DA:315,23
DA:319,1
DA:320,1
DA:321,1
DA:334,2
DA:336,2
LF:100
LH:91
BRDA:37,0,0,6
BRDA:37,0,1,6
BRDA:74,1,0,6
BRDA:76,2,0,6
BRDA:76,2,1,0
BRDA:76,3,0,6
BRDA:76,3,1,6
BRDA:79,4,0,0
BRDA:79,4,1,6
BRDA:79,5,0,6
BRDA:79,5,1,6
BRDA:113,6,0,6
BRDA:113,6,1,2
BRDA:113,7,0,0
BRDA:113,7,1,8
BRDA:113,8,0,8
BRDA:113,8,1,8
BRDA:117,9,0,12
BRDA:117,9,1,0
BRDA:117,10,0,12
BRDA:117,10,1,12
BRDA:120,11,0,0
BRDA:120,11,1,0
BRDA:120,12,0,0
BRDA:120,12,1,0
BRDA:123,13,0,0
BRDA:123,13,1,0
BRDA:123,14,0,0
BRDA:123,14,1,0
BRDA:131,15,0,0
BRDA:131,15,1,6
BRDA:131,16,0,6
BRDA:131,16,1,6
BRDA:143,17,0,1
BRDA:143,17,1,0
BRDA:143,18,0,1
BRDA:143,18,1,1
BRDA:145,19,0,1
BRDA:145,19,1,0
BRDA:145,20,0,1
BRDA:145,20,1,1
BRDA:145,20,2,1
BRDA:149,21,0,3
BRDA:149,21,1,2
BRDA:166,22,0,2
BRDA:166,22,1,1
BRDA:166,23,0,3
BRDA:166,23,1,2
BRDA:186,24,0,1
BRDA:186,24,1,0
BRDA:186,25,0,1
BRDA:186,25,1,1
BRDA:209,26,0,4
BRDA:209,26,1,4
BRDA:216,27,0,8
BRDA:216,27,1,15
BRDA:216,28,0,23
BRDA:216,28,1,8
BRDA:235,29,0,6
BRDA:235,29,1,17
BRDA:243,30,0,1
BRDA:243,30,1,16
BRDA:245,31,0,11
BRDA:245,31,1,6
BRDA:245,32,0,0
BRDA:245,32,1,17
BRDA:245,33,0,17
BRDA:245,33,1,17
BRDA:302,34,0,0
BRDA:302,34,1,6
BRDA:50,35,0,6
BRDA:50,35,1,1
BRDA:63,36,0,6
BRDA:63,36,1,0
BRDA:64,37,0,6
BRDA:64,37,1,0
BRDA:92,38,0,0
BRDA:92,38,1,3
BRDA:92,39,0,3
BRDA:92,39,1,3
BRDA:97,40,0,2
BRDA:97,40,1,1
BRDA:102,41,0,1
BRDA:102,41,1,0
BRF:84
BRH:62
end_of_record
TN:
SF:/home/codespace/workspace/microsoft-teams-apps-employeetraining/Source/Microsoft.Teams.Apps.EmployeeTraining/ClientApp/src/components/manage-categories/manage-categories-operation-footer.tsx
FN:22,(anonymous_6)
FN:24,(anonymous_7)
FNF:2
FNH:2
FNDA:25,(anonymous_6)
FNDA:25,(anonymous_7)
DA:5,3
DA:6,3
DA:22,3
DA:24,25
DA:25,25
DA:26,1
DA:34,25
LF:7
LH:7
BRDA:25,0,0,1
BRDA:25,0,1,24
BRDA:25,1,0,25
BRDA:25,1,1,1
BRF:4
BRH:4
end_of_record
TN:
SF:/home/codespace/workspace/microsoft-teams-apps-employeetraining/Source/Microsoft.Teams.Apps.EmployeeTraining/ClientApp/src/components/manage-categories/manage-categories.tsx
FN:24,(anonymous_13)
FN:28,ManageCategories
FN:41,(anonymous_15)
FN:49,(anonymous_16)
FN:57,(anonymous_17)
FN:66,(anonymous_18)
FN:71,(anonymous_19)
FN:96,(anonymous_20)
FNF:8
FNH:6
FNDA:1,(anonymous_13)
FNDA:5,ManageCategories
FNDA:3,(anonymous_15)
FNDA:0,(anonymous_16)
FNDA:0,(anonymous_17)
FNDA:3,(anonymous_18)
FNDA:8,(anonymous_19)
FNDA:8,(anonymous_20)
DA:5,1
DA:6,1
DA:7,1
DA:8,1
DA:9,1
DA:10,1
DA:12,1
DA:15,1
DA:24,1
DA:29,5
DA:30,5
DA:32,5
DA:41,5
DA:42,3
DA:43,3
DA:44,4
DA:45,3
DA:49,5
DA:50,0
DA:57,5
DA:58,0
DA:66,5
DA:67,3
DA:71,5
DA:72,8
DA:74,1
DA:79,1
DA:85,1
DA:91,5
DA:96,1
DA:97,8
DA:107,1
DA:109,1
LF:33
LH:31
BRDA:29,0,0,5
BRDA:29,0,1,5
BRDA:42,1,0,0
BRDA:42,1,1,3
BRDA:43,2,0,0
BRDA:43,2,1,3
BRDA:44,3,0,1
BRDA:44,3,1,2
BRDA:73,4,0,1
BRDA:73,4,1,1
BRDA:73,4,2,1
BRDA:73,4,3,5
BRDA:80,5,0,0
BRDA:80,5,1,1
BRDA:80,6,0,1
BRDA:80,6,1,1
BRF:16
BRH:13
end_of_record
TN:
SF:/home/codespace/workspace/microsoft-teams-apps-employeetraining/Source/Microsoft.Teams.Apps.EmployeeTraining/ClientApp/src/constants/constants.ts
FN:7,(anonymous_0)
FN:29,(anonymous_2)
FN:37,(anonymous_3)
FNF:3
FNH:3
FNDA:7,(anonymous_0)
FNDA:7,(anonymous_2)
FNDA:7,(anonymous_3)
DA:7,7
DA:9,7
DA:10,7
DA:11,7
DA:12,7
DA:13,7
DA:14,7
DA:17,7
DA:18,7
DA:20,7
DA:22,7
DA:25,7
DA:26,7
DA:29,7
DA:30,7
DA:31,7
DA:32,7
DA:33,7
DA:37,7
DA:38,7
LF:20
LH:20
BRDA:29,0,0,7
BRDA:29,0,1,7
BRDA:37,1,0,7
BRDA:37,1,1,7
BRF:4
BRH:4
end_of_record
TN:
SF:/home/codespace/workspace/microsoft-teams-apps-employeetraining/Source/Microsoft.Teams.Apps.EmployeeTraining/ClientApp/src/constants/resources.ts
FN:22,(anonymous_0)
FNF:1
FNH:1
FNDA:1,(anonymous_0)
DA:7,1
DA:8,1
DA:10,1
DA:22,1
DA:23,1
DA:24,1
DA:25,1
DA:26,1
DA:27,1
DA:28,1
DA:29,1
DA:30,1
DA:31,1
DA:34,1
DA:43,1
DA:49,1
DA:55,1
DA:60,1
LF:18
LH:18
BRF:0
BRH:0
end_of_record
TN:
SF:/home/codespace/workspace/microsoft-teams-apps-employeetraining/Source/Microsoft.Teams.Apps.EmployeeTraining/ClientApp/src/helpers/event-helper.ts
FN:9,(anonymous_17)
FN:9,(anonymous_18)
FN:20,(anonymous_20)
FN:48,(anonymous_22)
FN:58,(anonymous_24)
FN:70,(anonymous_26)
FN:79,(anonymous_28)
FN:97,(anonymous_29)
FN:97,(anonymous_30)
FN:114,(anonymous_32)
FN:114,(anonymous_33)
FN:131,(anonymous_35)
FN:131,(anonymous_36)
FN:165,(anonymous_38)
FNF:14
FNH:0
FNDA:0,(anonymous_17)
FNDA:0,(anonymous_18)
FNDA:0,(anonymous_20)
FNDA:0,(anonymous_22)
FNDA:0,(anonymous_24)
FNDA:0,(anonymous_26)
FNDA:0,(anonymous_28)
FNDA:0,(anonymous_29)
FNDA:0,(anonymous_30)
FNDA:0,(anonymous_32)
FNDA:0,(anonymous_33)
FNDA:0,(anonymous_35)
FNDA:0,(anonymous_36)
FNDA:0,(anonymous_38)
DA:1,2
DA:2,2
DA:4,2
DA:6,2
DA:7,2
DA:9,2
DA:10,0
DA:11,0
DA:13,0
DA:15,0
DA:16,0
DA:17,0
DA:18,0
DA:19,0
DA:20,0
DA:21,0
DA:22,0
DA:25,0
DA:30,0
DA:31,0
DA:34,0
DA:40,0
DA:41,0
DA:42,0
DA:43,0
DA:46,0
DA:47,0
DA:48,0
DA:49,0
DA:50,0
DA:53,0
DA:56,0
DA:57,0
DA:58,0
DA:59,0
DA:60,0
DA:64,0
DA:68,0
DA:69,0
DA:70,0
DA:71,0
DA:72,0
DA:75,0
DA:77,0
DA:78,0
DA:79,0
DA:80,0
DA:81,0
DA:84,0
DA:86,0
DA:87,0
DA:88,0
DA:89,0
DA:91,0
DA:92,0
DA:94,0
DA:97,2
DA:98,0
DA:99,0
DA:100,0
DA:101,0
DA:102,0
DA:103,0
DA:104,0
DA:106,0
DA:107,0
DA:110,0
DA:114,2
DA:115,0
DA:116,0
DA:117,0
DA:118,0
DA:119,0
DA:120,0
DA:121,0
DA:123,0
DA:124,0
DA:127,0
DA:131,2
DA:132,0
DA:134,0
DA:135,0
DA:136,0
DA:137,0
DA:138,0
DA:140,0
DA:141,0
DA:143,0
DA:144,0
DA:146,0
DA:149,0
DA:151,0
DA:152,0
DA:154,0
DA:165,2
DA:166,0
DA:167,0
DA:168,0
DA:169,0
DA:170,0
DA:172,0
LF:101
LH:10
BRDA:15,0,0,0
BRDA:15,0,1,0
BRDA:17,1,0,0
BRDA:17,1,1,0
BRDA:19,2,0,0
BRDA:19,2,1,0
BRDA:21,3,0,0
BRDA:21,3,1,0
BRDA:30,4,0,0
BRDA:30,4,1,0
BRDA:49,5,0,0
BRDA:49,5,1,0
BRDA:59,6,0,0
BRDA:59,6,1,0
BRDA:71,7,0,0
BRDA:71,7,1,0
BRDA:80,8,0,0
BRDA:80,8,1,0
BRDA:106,9,0,0
BRDA:106,9,1,0
BRDA:123,10,0,0
BRDA:123,10,1,0
BRDA:149,11,0,0
BRDA:140,12,0,0
BRDA:140,12,1,0
BRDA:143,13,0,0
BRDA:143,13,1,0
BRDA:151,14,0,0
BRDA:151,14,1,0
BRF:29
BRH:0
end_of_record
TN:
SF:/home/codespace/workspace/microsoft-teams-apps-employeetraining/Source/Microsoft.Teams.Apps.EmployeeTraining/ClientApp/src/helpers/localized-constants.ts
FN:17,(anonymous_1)
FN:18,(anonymous_2)
FN:38,(anonymous_3)
FN:39,(anonymous_4)
FN:63,(anonymous_5)
FN:64,(anonymous_6)
FNF:6
FNH:2
FNDA:5,(anonymous_1)
FNDA:10,(anonymous_2)
FNDA:0,(anonymous_3)
FNDA:0,(anonymous_4)
FNDA:0,(anonymous_5)
FNDA:0,(anonymous_6)
DA:5,1
DA:6,1
DA:8,1
DA:11,1
DA:17,1
DA:18,5
DA:19,10
DA:21,5
DA:22,5
DA:25,5
DA:26,5
DA:29,0
DA:38,1
DA:39,0
DA:40,0
DA:42,0
DA:43,0
DA:46,0
DA:47,0
DA:50,0
DA:51,0
DA:54,0
DA:63,1
DA:64,0
DA:65,0
DA:67,0
DA:68,0
DA:71,0
DA:72,0
DA:75,0
LF:30
LH:13
BRDA:20,0,0,5
BRDA:20,0,1,5
BRDA:20,0,2,0
BRDA:41,1,0,0
BRDA:41,1,1,0
BRDA:41,1,2,0
BRDA:41,1,3,0
BRDA:66,2,0,0
BRDA:66,2,1,0
BRDA:66,2,2,0
BRF:10
BRH:2
end_of_record
TN:
SF:/home/codespace/workspace/microsoft-teams-apps-employeetraining/Source/Microsoft.Teams.Apps.EmployeeTraining/ClientApp/src/models/event-audience.ts
FN:5,(anonymous_0)
FNF:1
FNH:1
FNDA:2,(anonymous_0)
DA:5,2
DA:7,2
DA:10,2
DA:13,2
LF:4
LH:4
BRDA:5,0,0,2
BRDA:5,0,1,2
BRF:2
BRH:2
end_of_record
TN:
SF:/home/codespace/workspace/microsoft-teams-apps-employeetraining/Source/Microsoft.Teams.Apps.EmployeeTraining/ClientApp/src/models/event-type.ts
FN:5,(anonymous_0)
FNF:1
FNH:1
FNDA:2,(anonymous_0)
DA:5,2
DA:7,2
DA:10,2
DA:13,2
DA:16,2
LF:5
LH:5
BRDA:5,0,0,2
BRDA:5,0,1,2
BRF:2
BRH:2
end_of_record
TN:
SF:/home/codespace/workspace/microsoft-teams-apps-employeetraining/Source/Microsoft.Teams.Apps.EmployeeTraining/ClientApp/src/models/sort-by.ts
FN:6,(anonymous_0)
FNF:1
FNH:1
FNDA:1,(anonymous_0)
DA:6,1
DA:8,1
DA:11,1
LF:3
LH:3
BRDA:6,0,0,1
BRDA:6,0,1,1
BRF:2
BRH:2
end_of_record
TN:
SF:/home/codespace/workspace/microsoft-teams-apps-employeetraining/Source/Microsoft.Teams.Apps.EmployeeTraining/ClientApp/src/providers/context-provider.tsx
FN:12,withContext
FN:13,(anonymous_15)
FN:14,class_1
FN:22,(anonymous_17)
FN:24,(anonymous_18)
FN:30,(anonymous_19)
FNF:6
FNH:6
FNDA:7,withContext
FNDA:7,(anonymous_15)
FNDA:19,class_1
FNDA:19,(anonymous_17)
FNDA:19,(anonymous_18)
FNDA:39,(anonymous_19)
DA:4,5
DA:5,5
DA:12,5
DA:13,7
DA:15,19
DA:16,19
DA:22,19
DA:23,19
DA:24,19
DA:25,19
DA:30,7
DA:31,39
DA:35,7
LF:13
LH:13
BRDA:15,0,0,19
BRDA:15,0,1,19
BRF:2
BRH:2
end_of_record
